Removed Pin From Net: NetName=B- Pin=B--1
Removed Pin From Net: NetName=OUT2 Pin=D2-нн
Removed Pin From Net: NetName=B- Pin=Q5-2
Removed Pin From Net: NetName=B- Pin=Q6-3
Change Component Designator: OldDesignator=B+ NewDesignator=J3
Change Component Designator: OldDesignator=B- NewDesignator=J2
Added Component: Designator=J?(Bolt M5)
Add component (AddParameter): Name = "ComponentLink1Description"; Value = "Chip&Dip"; VariantName = "[No Variations]"
Add component (AddParameter): Name = "ComponentLink1URL"; Value = ""; VariantName = "[No Variations]"
Add component (AddParameter): Name = "ComponentLink2Description"; Value = "Datasheet"; VariantName = "[No Variations]"
Add component (AddParameter): Name = "ComponentLink2URL"; Value = ""; VariantName = "[No Variations]"
Add component (AddParameter): Name = "Manufacturer"; Value = ""; VariantName = "[No Variations]"
Add component (AddParameter): Name = "Part Number"; Value = ""; VariantName = "[No Variations]"
Add component (AddParameter): Name = "Type"; Value = "Connetctor"; VariantName = "[No Variations]"
Add Pin To Net: Unknown Pin: Pin D2-2
Added Pin To Net: NetName=B- Pin=J?-1
Added Pin To Net: NetName=L Pin=J2-1
Added Pin To Net: NetName=L Pin=Q5-2
Added Pin To Net: NetName=L Pin=Q6-3
Added Net: Name=L
Added Member To Class: ClassName=BMS Member=Component J? Bolt M5
Added Room: Name=BMS
