Removed Pin From Net: NetName=+V Pin=D3-1
Removed Pin From Net: NetName=+V Pin=D3-3
Removed Pin From Net: NetName=-V Pin=D4-1
Removed Pin From Net: NetName=-V Pin=D5-1
Removed Pin From Net: NetName=-V Pin=P1-1
Removed Pin From Net: NetName=-V Pin=P2-1
Removed Pin From Net: NetName=+V Pin=Q1B-3
Removed Pin From Net: NetName=+V Pin=Q1C-3
Removed Pin From Net: NetName=+V Pin=Q1D-3
Removed Pin From Net: NetName=+V Pin=Q1E-3
Removed Pin From Net: NetName=-V Pin=Q2A-3
Removed Pin From Net: NetName=-V Pin=Q2B-3
Removed Pin From Net: NetName=-V Pin=Q2C-3
Removed Pin From Net: NetName=-V Pin=Q2E-3
Removed Pin From Net: NetName=+V Pin=Q3B-3
Removed Pin From Net: NetName=+V Pin=Q3C-3
Removed Pin From Net: NetName=+V Pin=Q3D-3
Removed Pin From Net: NetName=+V Pin=Q3E-3
Removed Pin From Net: NetName=-V Pin=Q4A-3
Removed Pin From Net: NetName=-V Pin=Q4B-3
Removed Pin From Net: NetName=-V Pin=Q4C-3
Removed Pin From Net: NetName=-V Pin=Q4E-3
Removed Pin From Net: NetName=+V Pin=Q5-3
Removed Pin From Net: NetName=+V Pin=Q6-2
Removed Pin From Net: NetName=-V Pin=R1A-2
Removed Pin From Net: NetName=-V Pin=R1B-2
Removed Pin From Net: NetName=-V Pin=R1D-2
Removed Pin From Net: NetName=-V Pin=R1E-2
Removed Pin From Net: NetName=+V Pin=R2B-2
Removed Pin From Net: NetName=+V Pin=R2C-2
Removed Pin From Net: NetName=+V Pin=R2D-2
Removed Pin From Net: NetName=+V Pin=R2E-2
Removed Pin From Net: NetName=-V Pin=R3A-2
Removed Pin From Net: NetName=-V Pin=R3B-2
Removed Pin From Net: NetName=-V Pin=R3D-2
Removed Pin From Net: NetName=-V Pin=R3E-2
Removed Pin From Net: NetName=-V Pin=R5A-1
Removed Pin From Net: NetName=-V Pin=R5B-1
Removed Pin From Net: NetName=-V Pin=R5C-1
Removed Pin From Net: NetName=-V Pin=R5E-1
Removed Pin From Net: NetName=+V Pin=R6A-2
Removed Pin From Net: NetName=+V Pin=R6C-2
Removed Pin From Net: NetName=+V Pin=R6D-2
Removed Pin From Net: NetName=+V Pin=R6E-2
Removed Pin From Net: NetName=+V Pin=R7A-2
Removed Pin From Net: NetName=+V Pin=R7C-2
Removed Pin From Net: NetName=+V Pin=R7D-2
Removed Pin From Net: NetName=+V Pin=R7E-2
Removed Pin From Net: NetName=-V Pin=R8-2
Removed Pin From Net: NetName=-V Pin=R9-2
Removed Pin From Net: NetName=+V Pin=R10-2
Removed Pin From Net: NetName=-V Pin=R11-2
Removed Pin From Net: NetName=-V Pin=R12-2
Removed Pin From Net: NetName=+V Pin=R13-2
Removed Pin From Net: NetName=+V Pin=U1A-2
Removed Pin From Net: NetName=-V Pin=U1A-4
Removed Pin From Net: NetName=-V Pin=U1A-6
Removed Pin From Net: NetName=-V Pin=U1B-4
Removed Pin From Net: NetName=-V Pin=U1B-6
Removed Pin From Net: NetName=+V Pin=U1B-8
Removed Pin From Net: NetName=+V Pin=U1C-2
Removed Pin From Net: NetName=-V Pin=U1C-4
Removed Pin From Net: NetName=+V Pin=U1C-8
Removed Pin From Net: NetName=+V Pin=U1D-2
Removed Pin From Net: NetName=-V Pin=U1D-6
Removed Pin From Net: NetName=+V Pin=U1D-8
Removed Pin From Net: NetName=+V Pin=U1E-2
Removed Pin From Net: NetName=-V Pin=U1E-4
Removed Pin From Net: NetName=-V Pin=U1E-6
Removed Pin From Net: NetName=+V Pin=U1E-8
Removed Pin From Net: NetName=-V Pin=U2-4
Removed Pin From Net: NetName=-V Pin=U2-8
Added Component: Designator=J1(PBS10)
Add component (AddParameter): Name = "ComponentLink1Description"; Value = "Chip&Dip"; VariantName = "[No Variations]"
Add component (AddParameter): Name = "ComponentLink1URL"; Value = "https://www.chipdip.ru/catalog-show/pin-connectors-and-sockets?x.697=2mK&gq=гнездо+на+плату"; VariantName = "[No Variations]"
Add component (AddParameter): Name = "Manufacturer"; Value = "Ningbo connfly electronic"; VariantName = "[No Variations]"
Add component (AddParameter): Name = "Part Number"; Value = "DS1023-1*10S21"; VariantName = "[No Variations]"
Add component (AddParameter): Name = "Type"; Value = "Connector"; VariantName = "[No Variations]"
Added Pin To Net: NetName=+V Pin=J1-3
Added Pin To Net: NetName=-V Pin=J1-6
Change Net Name : Old Net Name=+V New Net Name=B3
Change Net Name : Old Net Name=-V New Net Name=B6
Added Pin To Net: NetName=B1 Pin=J1-1
Added Pin To Net: NetName=B1 Pin=R6A-2
Added Pin To Net: NetName=B1 Pin=R7A-2
Added Pin To Net: NetName=B1 Pin=U1A-2
Added Net: Name=B1
Added Pin To Net: NetName=B2 Pin=J1-2
Added Pin To Net: NetName=B2 Pin=Q2B-3
Added Pin To Net: NetName=B2 Pin=Q4B-3
Added Pin To Net: NetName=B2 Pin=R1A-2
Added Pin To Net: NetName=B2 Pin=R3A-2
Added Pin To Net: NetName=B2 Pin=R5B-1
Added Pin To Net: NetName=B2 Pin=U1A-6
Added Pin To Net: NetName=B2 Pin=U1B-4
Added Net: Name=B2
Added Pin To Net: NetName=B4 Pin=J1-4
Added Pin To Net: NetName=B4 Pin=Q2C-3
Added Pin To Net: NetName=B4 Pin=Q4C-3
Added Pin To Net: NetName=B4 Pin=R1B-2
Added Pin To Net: NetName=B4 Pin=R3B-2
Added Pin To Net: NetName=B4 Pin=R5C-1
Added Pin To Net: NetName=B4 Pin=U1B-6
Added Pin To Net: NetName=B4 Pin=U1C-4
Added Net: Name=B4
Added Pin To Net: NetName=B5 Pin=J1-5
Added Pin To Net: NetName=B5 Pin=Q1B-3
Added Pin To Net: NetName=B5 Pin=Q3B-3
Added Pin To Net: NetName=B5 Pin=R2B-2
Added Pin To Net: NetName=B5 Pin=R6C-2
Added Pin To Net: NetName=B5 Pin=R7C-2
Added Pin To Net: NetName=B5 Pin=U1B-8
Added Pin To Net: NetName=B5 Pin=U1C-2
Added Net: Name=B5
Added Pin To Net: NetName=B7 Pin=J1-7
Added Pin To Net: NetName=B7 Pin=Q1C-3
Added Pin To Net: NetName=B7 Pin=Q3C-3
Added Pin To Net: NetName=B7 Pin=R2C-2
Added Pin To Net: NetName=B7 Pin=R6D-2
Added Pin To Net: NetName=B7 Pin=R7D-2
Added Pin To Net: NetName=B7 Pin=U1C-8
Added Pin To Net: NetName=B7 Pin=U1D-2
Added Net: Name=B7
Added Pin To Net: NetName=B8 Pin=J1-8
Added Pin To Net: NetName=B8 Pin=Q2E-3
Added Pin To Net: NetName=B8 Pin=Q4E-3
Added Pin To Net: NetName=B8 Pin=R1D-2
Added Pin To Net: NetName=B8 Pin=R3D-2
Added Pin To Net: NetName=B8 Pin=R5E-1
Added Pin To Net: NetName=B8 Pin=U1D-6
Added Pin To Net: NetName=B8 Pin=U1E-4
Added Net: Name=B8
Added Pin To Net: NetName=B9 Pin=J1-9
Added Pin To Net: NetName=B9 Pin=Q1D-3
Added Pin To Net: NetName=B9 Pin=Q3D-3
Added Pin To Net: NetName=B9 Pin=R2D-2
Added Pin To Net: NetName=B9 Pin=R6E-2
Added Pin To Net: NetName=B9 Pin=R7E-2
Added Pin To Net: NetName=B9 Pin=U1D-8
Added Pin To Net: NetName=B9 Pin=U1E-2
Added Net: Name=B9
Added Pin To Net: NetName=B10 Pin=J1-10
Added Pin To Net: NetName=B10 Pin=R1E-2
Added Pin To Net: NetName=B10 Pin=R3E-2
Added Pin To Net: NetName=B10 Pin=U1E-6
Added Net: Name=B10
Added Pin To Net: NetName=B+ Pin=Q1E-3
Added Pin To Net: NetName=B+ Pin=Q3E-3
Added Pin To Net: NetName=B+ Pin=R2E-2
Added Pin To Net: NetName=B+ Pin=U1E-8
Added Net: Name=B+
Added Pin To Net: NetName=B- Pin=Q2A-3
Added Pin To Net: NetName=B- Pin=Q4A-3
Added Pin To Net: NetName=B- Pin=R5A-1
Added Pin To Net: NetName=B- Pin=U1A-4
Added Net: Name=B-
Added Pin To Net: NetName=P4 Pin=R8-2
Added Pin To Net: NetName=P4 Pin=R9-2
Added Pin To Net: NetName=P4 Pin=R11-2
Added Pin To Net: NetName=P4 Pin=R12-2
Added Pin To Net: NetName=P4 Pin=U2-8
Added Net: Name=P4
Added Pin To Net: NetName=P+ Pin=D3-1
Added Pin To Net: NetName=P+ Pin=D3-3
Added Pin To Net: NetName=P+ Pin=Q5-3
Added Pin To Net: NetName=P+ Pin=Q6-2
Added Pin To Net: NetName=P+ Pin=R10-2
Added Pin To Net: NetName=P+ Pin=R13-2
Added Net: Name=P+
Added Pin To Net: NetName=P- Pin=D4-1
Added Pin To Net: NetName=P- Pin=D5-1
Added Pin To Net: NetName=P- Pin=P1-1
Added Pin To Net: NetName=P- Pin=P2-1
Added Pin To Net: NetName=P- Pin=U2-4
Added Net: Name=P-
Change Class Name : Old Net Name=Balancer1 New Net Name=bal1
Change Class Name : Old Net Name=Balancer2 New Net Name=bal2
Change Class Name : Old Net Name=Balancer3 New Net Name=bal3
Change Class Name : Old Net Name=Balancer4 New Net Name=bal4
Change Class Name : Old Net Name=Balancer5 New Net Name=bal5
Added Member To Class: ClassName=BMS Member=Component J1 PBS 10x1
Change Room Name: Old Name=Balancer4 New Name=bal4
Change Room Scope: Old Scope=InComponentClass('Balancer4') New Scope=InComponentClass('bal4')
Change Room Name: Old Name=Balancer5 New Name=bal5
Change Room Scope: Old Scope=InComponentClass('Balancer5') New Scope=InComponentClass('bal5')
Added Room: Name=bal1
Added Room: Name=bal2
Added Room: Name=bal3
