Change Component Physical Designator: Old Designator=Q1A New Designator=Q3A
Change Component Physical Designator: Old Designator=Q1B New Designator=Q3B
Change Component Physical Designator: Old Designator=Q1C New Designator=Q3C
Change Component Physical Designator: Old Designator=Q1D New Designator=Q3D
Change Component Physical Designator: Old Designator=Q1E New Designator=Q3E
Change Component Physical Designator: Old Designator=Q2A New Designator=Q4A
Change Component Physical Designator: Old Designator=Q2B New Designator=Q4B
Change Component Physical Designator: Old Designator=Q2C New Designator=Q4C
Change Component Physical Designator: Old Designator=Q2D New Designator=Q4D
Change Component Physical Designator: Old Designator=Q2E New Designator=Q4E
Change Component Physical Designator: Old Designator=Q3A New Designator=Q1A
Change Component Physical Designator: Old Designator=Q3B New Designator=Q1B
Change Component Physical Designator: Old Designator=Q3C New Designator=Q1C
Change Component Physical Designator: Old Designator=Q3D New Designator=Q1D
Change Component Physical Designator: Old Designator=Q3E New Designator=Q1E
Change Component Physical Designator: Old Designator=Q4A New Designator=Q2A
Change Component Physical Designator: Old Designator=Q4B New Designator=Q2B
Change Component Physical Designator: Old Designator=Q4C New Designator=Q2C
Change Component Physical Designator: Old Designator=Q4D New Designator=Q2D
Change Component Physical Designator: Old Designator=Q4E New Designator=Q2E
Change Component Physical Designator: Old Designator=R1A New Designator=R2A
Change Component Physical Designator: Old Designator=R1B New Designator=R2B
Change Component Physical Designator: Old Designator=R1C New Designator=R2C
Change Component Physical Designator: Old Designator=R1D New Designator=R2D
Change Component Physical Designator: Old Designator=R1E New Designator=R2E
Change Component Physical Designator: Old Designator=R2A New Designator=R4A
Change Component Physical Designator: Old Designator=R2B New Designator=R4B
Change Component Physical Designator: Old Designator=R2C New Designator=R4C
Change Component Physical Designator: Old Designator=R2D New Designator=R4D
Change Component Physical Designator: Old Designator=R2E New Designator=R4E
Change Component Physical Designator: Old Designator=R3A New Designator=R5A
Change Component Physical Designator: Old Designator=R3B New Designator=R5B
Change Component Physical Designator: Old Designator=R3C New Designator=R5C
Change Component Physical Designator: Old Designator=R3D New Designator=R5D
Change Component Physical Designator: Old Designator=R3E New Designator=R5E
Change Component Physical Designator: Old Designator=R4A New Designator=R6A
Change Component Physical Designator: Old Designator=R4B New Designator=R6B
Change Component Physical Designator: Old Designator=R4C New Designator=R6C
Change Component Physical Designator: Old Designator=R4D New Designator=R6D
Change Component Physical Designator: Old Designator=R4E New Designator=R6E
Change Component Physical Designator: Old Designator=R5A New Designator=R7A
Change Component Physical Designator: Old Designator=R5B New Designator=R7B
Change Component Physical Designator: Old Designator=R5C New Designator=R7C
Change Component Physical Designator: Old Designator=R5D New Designator=R7D
Change Component Physical Designator: Old Designator=R5E New Designator=R7E
Change Component Physical Designator: Old Designator=R6A New Designator=R1A
Change Component Physical Designator: Old Designator=R6B New Designator=R1B
Change Component Physical Designator: Old Designator=R6C New Designator=R1C
Change Component Physical Designator: Old Designator=R6D New Designator=R1D
Change Component Physical Designator: Old Designator=R6E New Designator=R1E
Change Component Physical Designator: Old Designator=R7A New Designator=R3A
Change Component Physical Designator: Old Designator=R7B New Designator=R3B
Change Component Physical Designator: Old Designator=R7C New Designator=R3C
Change Component Physical Designator: Old Designator=R7D New Designator=R3D
Change Component Physical Designator: Old Designator=R7E New Designator=R3E
