Added Component: Designator=D1(0805 LED)
Add component (AddParameter): Name = "ComponentLink1Description"; Value = "Chip&Dip"; VariantName = "[No Variations]"
Add component (AddParameter): Name = "ComponentLink1URL"; Value = "https://www.chipdip.ru/product/gnl-0603ubc"; VariantName = "[No Variations]"
Add component (AddParameter): Name = "Manufacturer"; Value = "Taiwan Oasis Technology"; VariantName = "[No Variations]"
Add component (AddParameter): Name = "Part Number"; Value = "TO-1608BC-MYF"; VariantName = "[No Variations]"
Add component (AddParameter): Name = "Type"; Value = "Diode"; VariantName = "[No Variations]"
Added Component: Designator=D2(0805 LED)
Add component (AddParameter): Name = "ComponentLink1Description"; Value = "Chip&Dip"; VariantName = "[No Variations]"
Add component (AddParameter): Name = "ComponentLink1URL"; Value = "https://www.chipdip.ru/product/to-1608bc-mre"; VariantName = "[No Variations]"
Add component (AddParameter): Name = "Manufacturer"; Value = "Taiwan Oasis Technology"; VariantName = "[No Variations]"
Add component (AddParameter): Name = "Part Number"; Value = "TO-1608BC-MRE"; VariantName = "[No Variations]"
Add component (AddParameter): Name = "Type"; Value = "Diode"; VariantName = "[No Variations]"
Added Component: Designator=D3(D2-PAK (TO-262))
Add component (AddParameter): Name = "ComponentLink1Description"; Value = "ChipDip"; VariantName = "[No Variations]"
Add component (AddParameter): Name = "ComponentLink1URL"; Value = "https://www.chipdip.ru/product/mbrb20100ctg-ons"; VariantName = "[No Variations]"
Added Component: Designator=D4(sod-123)
Add component (AddParameter): Name = "ComponentLink1Description"; Value = "Chip&Dip"; VariantName = "[No Variations]"
Add component (AddParameter): Name = "ComponentLink1URL"; Value = "https://www.chipdip.ru/product/mmsz5225b"; VariantName = "[No Variations]"
Add component (AddParameter): Name = "ComponentLink2Description"; Value = "DataSheet"; VariantName = "[No Variations]"
Add component (AddParameter): Name = "ComponentLink2URL"; Value = "https://static.chipdip.ru/lib/152/DOC001152772.pdf"; VariantName = "[No Variations]"
Add component (AddParameter): Name = "Manufacturer"; Value = "Yangzhou Yangjie Electronic Technology"; VariantName = "[No Variations]"
Add component (AddParameter): Name = "Part Number"; Value = "MMSZ5225B"; VariantName = "[No Variations]"
Add component (AddParameter): Name = "Type"; Value = "Diode"; VariantName = "[No Variations]"
Added Component: Designator=D5(sod-123)
Add component (AddParameter): Name = "ComponentLink1Description"; Value = "Chip&Dip"; VariantName = "[No Variations]"
Add component (AddParameter): Name = "ComponentLink1URL"; Value = "https://www.chipdip.ru/product/mmsz5225b"; VariantName = "[No Variations]"
Add component (AddParameter): Name = "ComponentLink2Description"; Value = "DataSheet"; VariantName = "[No Variations]"
Add component (AddParameter): Name = "ComponentLink2URL"; Value = "https://static.chipdip.ru/lib/152/DOC001152772.pdf"; VariantName = "[No Variations]"
Add component (AddParameter): Name = "Manufacturer"; Value = "Yangzhou Yangjie Electronic Technology"; VariantName = "[No Variations]"
Add component (AddParameter): Name = "Part Number"; Value = "MMSZ5225B"; VariantName = "[No Variations]"
Add component (AddParameter): Name = "Type"; Value = "Diode"; VariantName = "[No Variations]"
Added Component: Designator=J1(PBS10)
Add component (AddParameter): Name = "ComponentLink1Description"; Value = "Chip&Dip"; VariantName = "[No Variations]"
Add component (AddParameter): Name = "ComponentLink1URL"; Value = "https://www.chipdip.ru/catalog-show/pin-connectors-and-sockets?x.697=2mK&gq=гнездо+на+плату"; VariantName = "[No Variations]"
Add component (AddParameter): Name = "Manufacturer"; Value = "Ningbo connfly electronic"; VariantName = "[No Variations]"
Add component (AddParameter): Name = "Part Number"; Value = "DS1023-1*10S21"; VariantName = "[No Variations]"
Add component (AddParameter): Name = "Type"; Value = "Connector"; VariantName = "[No Variations]"
Added Component: Designator=P1(3329H)
Add component (AddParameter): Name = "ComponentLink2Description"; Value = "Datasheet"; VariantName = "[No Variations]"
Add component (AddParameter): Name = "ComponentLink2URL"; Value = "https://static.chipdip.ru/lib/250/DOC000250619.pdf"; VariantName = "[No Variations]"
Add component (AddParameter): Name = "Manufacturer"; Value = "Vishay"; VariantName = "[No Variations]"
Add component (AddParameter): Name = "Part Number"; Value = "M64X203KB40"; VariantName = "[No Variations]"
Add component (AddParameter): Name = "Type"; Value = "Potentiometer"; VariantName = "[No Variations]"
Added Component: Designator=P2(3329H)
Add component (AddParameter): Name = "ComponentLink2Description"; Value = "Datasheet"; VariantName = "[No Variations]"
Add component (AddParameter): Name = "ComponentLink2URL"; Value = "https://static.chipdip.ru/lib/250/DOC000250619.pdf"; VariantName = "[No Variations]"
Add component (AddParameter): Name = "Manufacturer"; Value = "Vishay"; VariantName = "[No Variations]"
Add component (AddParameter): Name = "Part Number"; Value = "M64X203KB40"; VariantName = "[No Variations]"
Add component (AddParameter): Name = "Type"; Value = "Potentiometer"; VariantName = "[No Variations]"
Added Component: Designator=Q1A(SOT-89)
Add component (AddParameter): Name = "ComponentLink1Description"; Value = "DataSheet"; VariantName = "[No Variations]"
Add component (AddParameter): Name = "ComponentLink1URL"; Value = "https://static.chipdip.ru/lib/156/DOC000156781.pdf"; VariantName = "[No Variations]"
Add component (AddParameter): Name = "ComponentLink2Description"; Value = "Chip&Dip"; VariantName = "[No Variations]"
Add component (AddParameter): Name = "ComponentLink2URL"; Value = "https://www.chipdip.ru/product/bc817-40"; VariantName = "[No Variations]"
Add component (AddParameter): Name = "Manufacturer"; Value = "Nexperia"; VariantName = "[No Variations]"
Add component (AddParameter): Name = "Part Number"; Value = "BC817-40,215"; VariantName = "[No Variations]"
Add component (AddParameter): Name = "Type"; Value = "Transistor"; VariantName = "[No Variations]"
Added Component: Designator=Q1B(SOT-89)
Add component (AddParameter): Name = "ComponentLink1Description"; Value = "DataSheet"; VariantName = "[No Variations]"
Add component (AddParameter): Name = "ComponentLink1URL"; Value = "https://static.chipdip.ru/lib/156/DOC000156781.pdf"; VariantName = "[No Variations]"
Add component (AddParameter): Name = "ComponentLink2Description"; Value = "Chip&Dip"; VariantName = "[No Variations]"
Add component (AddParameter): Name = "ComponentLink2URL"; Value = "https://www.chipdip.ru/product/bc817-40"; VariantName = "[No Variations]"
Add component (AddParameter): Name = "Manufacturer"; Value = "Nexperia"; VariantName = "[No Variations]"
Add component (AddParameter): Name = "Part Number"; Value = "BC817-40,215"; VariantName = "[No Variations]"
Add component (AddParameter): Name = "Type"; Value = "Transistor"; VariantName = "[No Variations]"
Added Component: Designator=Q1C(SOT-89)
Add component (AddParameter): Name = "ComponentLink1Description"; Value = "DataSheet"; VariantName = "[No Variations]"
Add component (AddParameter): Name = "ComponentLink1URL"; Value = "https://static.chipdip.ru/lib/156/DOC000156781.pdf"; VariantName = "[No Variations]"
Add component (AddParameter): Name = "ComponentLink2Description"; Value = "Chip&Dip"; VariantName = "[No Variations]"
Add component (AddParameter): Name = "ComponentLink2URL"; Value = "https://www.chipdip.ru/product/bc817-40"; VariantName = "[No Variations]"
Add component (AddParameter): Name = "Manufacturer"; Value = "Nexperia"; VariantName = "[No Variations]"
Add component (AddParameter): Name = "Part Number"; Value = "BC817-40,215"; VariantName = "[No Variations]"
Add component (AddParameter): Name = "Type"; Value = "Transistor"; VariantName = "[No Variations]"
Added Component: Designator=Q1D(SOT-89)
Add component (AddParameter): Name = "ComponentLink1Description"; Value = "DataSheet"; VariantName = "[No Variations]"
Add component (AddParameter): Name = "ComponentLink1URL"; Value = "https://static.chipdip.ru/lib/156/DOC000156781.pdf"; VariantName = "[No Variations]"
Add component (AddParameter): Name = "ComponentLink2Description"; Value = "Chip&Dip"; VariantName = "[No Variations]"
Add component (AddParameter): Name = "ComponentLink2URL"; Value = "https://www.chipdip.ru/product/bc817-40"; VariantName = "[No Variations]"
Add component (AddParameter): Name = "Manufacturer"; Value = "Nexperia"; VariantName = "[No Variations]"
Add component (AddParameter): Name = "Part Number"; Value = "BC817-40,215"; VariantName = "[No Variations]"
Add component (AddParameter): Name = "Type"; Value = "Transistor"; VariantName = "[No Variations]"
Added Component: Designator=Q1E(SOT-89)
Add component (AddParameter): Name = "ComponentLink1Description"; Value = "DataSheet"; VariantName = "[No Variations]"
Add component (AddParameter): Name = "ComponentLink1URL"; Value = "https://static.chipdip.ru/lib/156/DOC000156781.pdf"; VariantName = "[No Variations]"
Add component (AddParameter): Name = "ComponentLink2Description"; Value = "Chip&Dip"; VariantName = "[No Variations]"
Add component (AddParameter): Name = "ComponentLink2URL"; Value = "https://www.chipdip.ru/product/bc817-40"; VariantName = "[No Variations]"
Add component (AddParameter): Name = "Manufacturer"; Value = "Nexperia"; VariantName = "[No Variations]"
Add component (AddParameter): Name = "Part Number"; Value = "BC817-40,215"; VariantName = "[No Variations]"
Add component (AddParameter): Name = "Type"; Value = "Transistor"; VariantName = "[No Variations]"
Added Component: Designator=Q2A(SOT-89)
Add component (AddParameter): Name = "ComponentLink1Description"; Value = "DataSheet"; VariantName = "[No Variations]"
Add component (AddParameter): Name = "ComponentLink1URL"; Value = "https://static.chipdip.ru/lib/078/DOC001078227.pdf"; VariantName = "[No Variations]"
Add component (AddParameter): Name = "ComponentLink2Description"; Value = "Chip&Dip"; VariantName = "[No Variations]"
Add component (AddParameter): Name = "ComponentLink2URL"; Value = "https://www.chipdip.ru/product/bc807.215"; VariantName = "[No Variations]"
Add component (AddParameter): Name = "Manufacturer"; Value = "Nexperia"; VariantName = "[No Variations]"
Add component (AddParameter): Name = "Part Number"; Value = "BC807,215"; VariantName = "[No Variations]"
Add component (AddParameter): Name = "Type"; Value = "Transistor"; VariantName = "[No Variations]"
Added Component: Designator=Q2B(SOT-89)
Add component (AddParameter): Name = "ComponentLink1Description"; Value = "DataSheet"; VariantName = "[No Variations]"
Add component (AddParameter): Name = "ComponentLink1URL"; Value = "https://static.chipdip.ru/lib/078/DOC001078227.pdf"; VariantName = "[No Variations]"
Add component (AddParameter): Name = "ComponentLink2Description"; Value = "Chip&Dip"; VariantName = "[No Variations]"
Add component (AddParameter): Name = "ComponentLink2URL"; Value = "https://www.chipdip.ru/product/bc807.215"; VariantName = "[No Variations]"
Add component (AddParameter): Name = "Manufacturer"; Value = "Nexperia"; VariantName = "[No Variations]"
Add component (AddParameter): Name = "Part Number"; Value = "BC807,215"; VariantName = "[No Variations]"
Add component (AddParameter): Name = "Type"; Value = "Transistor"; VariantName = "[No Variations]"
Added Component: Designator=Q2C(SOT-89)
Add component (AddParameter): Name = "ComponentLink1Description"; Value = "DataSheet"; VariantName = "[No Variations]"
Add component (AddParameter): Name = "ComponentLink1URL"; Value = "https://static.chipdip.ru/lib/078/DOC001078227.pdf"; VariantName = "[No Variations]"
Add component (AddParameter): Name = "ComponentLink2Description"; Value = "Chip&Dip"; VariantName = "[No Variations]"
Add component (AddParameter): Name = "ComponentLink2URL"; Value = "https://www.chipdip.ru/product/bc807.215"; VariantName = "[No Variations]"
Add component (AddParameter): Name = "Manufacturer"; Value = "Nexperia"; VariantName = "[No Variations]"
Add component (AddParameter): Name = "Part Number"; Value = "BC807,215"; VariantName = "[No Variations]"
Add component (AddParameter): Name = "Type"; Value = "Transistor"; VariantName = "[No Variations]"
Added Component: Designator=Q2D(SOT-89)
Add component (AddParameter): Name = "ComponentLink1Description"; Value = "DataSheet"; VariantName = "[No Variations]"
Add component (AddParameter): Name = "ComponentLink1URL"; Value = "https://static.chipdip.ru/lib/078/DOC001078227.pdf"; VariantName = "[No Variations]"
Add component (AddParameter): Name = "ComponentLink2Description"; Value = "Chip&Dip"; VariantName = "[No Variations]"
Add component (AddParameter): Name = "ComponentLink2URL"; Value = "https://www.chipdip.ru/product/bc807.215"; VariantName = "[No Variations]"
Add component (AddParameter): Name = "Manufacturer"; Value = "Nexperia"; VariantName = "[No Variations]"
Add component (AddParameter): Name = "Part Number"; Value = "BC807,215"; VariantName = "[No Variations]"
Add component (AddParameter): Name = "Type"; Value = "Transistor"; VariantName = "[No Variations]"
Added Component: Designator=Q2E(SOT-89)
Add component (AddParameter): Name = "ComponentLink1Description"; Value = "DataSheet"; VariantName = "[No Variations]"
Add component (AddParameter): Name = "ComponentLink1URL"; Value = "https://static.chipdip.ru/lib/078/DOC001078227.pdf"; VariantName = "[No Variations]"
Add component (AddParameter): Name = "ComponentLink2Description"; Value = "Chip&Dip"; VariantName = "[No Variations]"
Add component (AddParameter): Name = "ComponentLink2URL"; Value = "https://www.chipdip.ru/product/bc807.215"; VariantName = "[No Variations]"
Add component (AddParameter): Name = "Manufacturer"; Value = "Nexperia"; VariantName = "[No Variations]"
Add component (AddParameter): Name = "Part Number"; Value = "BC807,215"; VariantName = "[No Variations]"
Add component (AddParameter): Name = "Type"; Value = "Transistor"; VariantName = "[No Variations]"
Added Component: Designator=Q3A(SOT-89)
Add component (AddParameter): Name = "ComponentLink1Description"; Value = "DataSheet"; VariantName = "[No Variations]"
Add component (AddParameter): Name = "ComponentLink1URL"; Value = "https://static.chipdip.ru/lib/156/DOC000156781.pdf"; VariantName = "[No Variations]"
Add component (AddParameter): Name = "ComponentLink2Description"; Value = "Chip&Dip"; VariantName = "[No Variations]"
Add component (AddParameter): Name = "ComponentLink2URL"; Value = "https://www.chipdip.ru/product/bc817-40"; VariantName = "[No Variations]"
Add component (AddParameter): Name = "Manufacturer"; Value = "Nexperia"; VariantName = "[No Variations]"
Add component (AddParameter): Name = "Part Number"; Value = "BC817-40,215"; VariantName = "[No Variations]"
Add component (AddParameter): Name = "Type"; Value = "Transistor"; VariantName = "[No Variations]"
Added Component: Designator=Q3B(SOT-89)
Add component (AddParameter): Name = "ComponentLink1Description"; Value = "DataSheet"; VariantName = "[No Variations]"
Add component (AddParameter): Name = "ComponentLink1URL"; Value = "https://static.chipdip.ru/lib/156/DOC000156781.pdf"; VariantName = "[No Variations]"
Add component (AddParameter): Name = "ComponentLink2Description"; Value = "Chip&Dip"; VariantName = "[No Variations]"
Add component (AddParameter): Name = "ComponentLink2URL"; Value = "https://www.chipdip.ru/product/bc817-40"; VariantName = "[No Variations]"
Add component (AddParameter): Name = "Manufacturer"; Value = "Nexperia"; VariantName = "[No Variations]"
Add component (AddParameter): Name = "Part Number"; Value = "BC817-40,215"; VariantName = "[No Variations]"
Add component (AddParameter): Name = "Type"; Value = "Transistor"; VariantName = "[No Variations]"
Added Component: Designator=Q3C(SOT-89)
Add component (AddParameter): Name = "ComponentLink1Description"; Value = "DataSheet"; VariantName = "[No Variations]"
Add component (AddParameter): Name = "ComponentLink1URL"; Value = "https://static.chipdip.ru/lib/156/DOC000156781.pdf"; VariantName = "[No Variations]"
Add component (AddParameter): Name = "ComponentLink2Description"; Value = "Chip&Dip"; VariantName = "[No Variations]"
Add component (AddParameter): Name = "ComponentLink2URL"; Value = "https://www.chipdip.ru/product/bc817-40"; VariantName = "[No Variations]"
Add component (AddParameter): Name = "Manufacturer"; Value = "Nexperia"; VariantName = "[No Variations]"
Add component (AddParameter): Name = "Part Number"; Value = "BC817-40,215"; VariantName = "[No Variations]"
Add component (AddParameter): Name = "Type"; Value = "Transistor"; VariantName = "[No Variations]"
Added Component: Designator=Q3D(SOT-89)
Add component (AddParameter): Name = "ComponentLink1Description"; Value = "DataSheet"; VariantName = "[No Variations]"
Add component (AddParameter): Name = "ComponentLink1URL"; Value = "https://static.chipdip.ru/lib/156/DOC000156781.pdf"; VariantName = "[No Variations]"
Add component (AddParameter): Name = "ComponentLink2Description"; Value = "Chip&Dip"; VariantName = "[No Variations]"
Add component (AddParameter): Name = "ComponentLink2URL"; Value = "https://www.chipdip.ru/product/bc817-40"; VariantName = "[No Variations]"
Add component (AddParameter): Name = "Manufacturer"; Value = "Nexperia"; VariantName = "[No Variations]"
Add component (AddParameter): Name = "Part Number"; Value = "BC817-40,215"; VariantName = "[No Variations]"
Add component (AddParameter): Name = "Type"; Value = "Transistor"; VariantName = "[No Variations]"
Added Component: Designator=Q3E(SOT-89)
Add component (AddParameter): Name = "ComponentLink1Description"; Value = "DataSheet"; VariantName = "[No Variations]"
Add component (AddParameter): Name = "ComponentLink1URL"; Value = "https://static.chipdip.ru/lib/156/DOC000156781.pdf"; VariantName = "[No Variations]"
Add component (AddParameter): Name = "ComponentLink2Description"; Value = "Chip&Dip"; VariantName = "[No Variations]"
Add component (AddParameter): Name = "ComponentLink2URL"; Value = "https://www.chipdip.ru/product/bc817-40"; VariantName = "[No Variations]"
Add component (AddParameter): Name = "Manufacturer"; Value = "Nexperia"; VariantName = "[No Variations]"
Add component (AddParameter): Name = "Part Number"; Value = "BC817-40,215"; VariantName = "[No Variations]"
Add component (AddParameter): Name = "Type"; Value = "Transistor"; VariantName = "[No Variations]"
Added Component: Designator=Q4A(SOT-89)
Add component (AddParameter): Name = "ComponentLink1Description"; Value = "DataSheet"; VariantName = "[No Variations]"
Add component (AddParameter): Name = "ComponentLink1URL"; Value = "https://static.chipdip.ru/lib/078/DOC001078227.pdf"; VariantName = "[No Variations]"
Add component (AddParameter): Name = "ComponentLink2Description"; Value = "Chip&Dip"; VariantName = "[No Variations]"
Add component (AddParameter): Name = "ComponentLink2URL"; Value = "https://www.chipdip.ru/product/bc807.215"; VariantName = "[No Variations]"
Add component (AddParameter): Name = "Manufacturer"; Value = "Nexperia"; VariantName = "[No Variations]"
Add component (AddParameter): Name = "Part Number"; Value = "BC807,215"; VariantName = "[No Variations]"
Add component (AddParameter): Name = "Type"; Value = "Transistor"; VariantName = "[No Variations]"
Added Component: Designator=Q4B(SOT-89)
Add component (AddParameter): Name = "ComponentLink1Description"; Value = "DataSheet"; VariantName = "[No Variations]"
Add component (AddParameter): Name = "ComponentLink1URL"; Value = "https://static.chipdip.ru/lib/078/DOC001078227.pdf"; VariantName = "[No Variations]"
Add component (AddParameter): Name = "ComponentLink2Description"; Value = "Chip&Dip"; VariantName = "[No Variations]"
Add component (AddParameter): Name = "ComponentLink2URL"; Value = "https://www.chipdip.ru/product/bc807.215"; VariantName = "[No Variations]"
Add component (AddParameter): Name = "Manufacturer"; Value = "Nexperia"; VariantName = "[No Variations]"
Add component (AddParameter): Name = "Part Number"; Value = "BC807,215"; VariantName = "[No Variations]"
Add component (AddParameter): Name = "Type"; Value = "Transistor"; VariantName = "[No Variations]"
Added Component: Designator=Q4C(SOT-89)
Add component (AddParameter): Name = "ComponentLink1Description"; Value = "DataSheet"; VariantName = "[No Variations]"
Add component (AddParameter): Name = "ComponentLink1URL"; Value = "https://static.chipdip.ru/lib/078/DOC001078227.pdf"; VariantName = "[No Variations]"
Add component (AddParameter): Name = "ComponentLink2Description"; Value = "Chip&Dip"; VariantName = "[No Variations]"
Add component (AddParameter): Name = "ComponentLink2URL"; Value = "https://www.chipdip.ru/product/bc807.215"; VariantName = "[No Variations]"
Add component (AddParameter): Name = "Manufacturer"; Value = "Nexperia"; VariantName = "[No Variations]"
Add component (AddParameter): Name = "Part Number"; Value = "BC807,215"; VariantName = "[No Variations]"
Add component (AddParameter): Name = "Type"; Value = "Transistor"; VariantName = "[No Variations]"
Added Component: Designator=Q4D(SOT-89)
Add component (AddParameter): Name = "ComponentLink1Description"; Value = "DataSheet"; VariantName = "[No Variations]"
Add component (AddParameter): Name = "ComponentLink1URL"; Value = "https://static.chipdip.ru/lib/078/DOC001078227.pdf"; VariantName = "[No Variations]"
Add component (AddParameter): Name = "ComponentLink2Description"; Value = "Chip&Dip"; VariantName = "[No Variations]"
Add component (AddParameter): Name = "ComponentLink2URL"; Value = "https://www.chipdip.ru/product/bc807.215"; VariantName = "[No Variations]"
Add component (AddParameter): Name = "Manufacturer"; Value = "Nexperia"; VariantName = "[No Variations]"
Add component (AddParameter): Name = "Part Number"; Value = "BC807,215"; VariantName = "[No Variations]"
Add component (AddParameter): Name = "Type"; Value = "Transistor"; VariantName = "[No Variations]"
Added Component: Designator=Q4E(SOT-89)
Add component (AddParameter): Name = "ComponentLink1Description"; Value = "DataSheet"; VariantName = "[No Variations]"
Add component (AddParameter): Name = "ComponentLink1URL"; Value = "https://static.chipdip.ru/lib/078/DOC001078227.pdf"; VariantName = "[No Variations]"
Add component (AddParameter): Name = "ComponentLink2Description"; Value = "Chip&Dip"; VariantName = "[No Variations]"
Add component (AddParameter): Name = "ComponentLink2URL"; Value = "https://www.chipdip.ru/product/bc807.215"; VariantName = "[No Variations]"
Add component (AddParameter): Name = "Manufacturer"; Value = "Nexperia"; VariantName = "[No Variations]"
Add component (AddParameter): Name = "Part Number"; Value = "BC807,215"; VariantName = "[No Variations]"
Add component (AddParameter): Name = "Type"; Value = "Transistor"; VariantName = "[No Variations]"
Added Component: Designator=Q5(D-Pak (TO-252AA))
Add component (AddParameter): Name = "ComponentLink1Description"; Value = "DataSheet"; VariantName = "[No Variations]"
Add component (AddParameter): Name = "ComponentLink1URL"; Value = "https://static.chipdip.ru/lib/292/DOC000292789.pdf"; VariantName = "[No Variations]"
Add component (AddParameter): Name = "ComponentLink2Description"; Value = "Chip&Dip"; VariantName = "[No Variations]"
Add component (AddParameter): Name = "ComponentLink2URL"; Value = "https://www.chipdip.ru/product/irlr3705zpbf"; VariantName = "[No Variations]"
Add component (AddParameter): Name = "Manufacturer"; Value = "International Rectifier"; VariantName = "[No Variations]"
Add component (AddParameter): Name = "Part Number"; Value = "IRLR3705ZTRPBF"; VariantName = "[No Variations]"
Add component (AddParameter): Name = "Type"; Value = "Transistor"; VariantName = "[No Variations]"
Added Component: Designator=Q6(D-Pak (TO-252AA))
Add component (AddParameter): Name = "ComponentLink1Description"; Value = "DataSheet"; VariantName = "[No Variations]"
Add component (AddParameter): Name = "ComponentLink1URL"; Value = "https://static.chipdip.ru/lib/292/DOC000292789.pdf"; VariantName = "[No Variations]"
Add component (AddParameter): Name = "ComponentLink2Description"; Value = "Chip&Dip"; VariantName = "[No Variations]"
Add component (AddParameter): Name = "ComponentLink2URL"; Value = "https://www.chipdip.ru/product/irlr3705zpbf"; VariantName = "[No Variations]"
Add component (AddParameter): Name = "Manufacturer"; Value = "International Rectifier"; VariantName = "[No Variations]"
Add component (AddParameter): Name = "Part Number"; Value = "IRLR3705ZTRPBF"; VariantName = "[No Variations]"
Add component (AddParameter): Name = "Type"; Value = "Transistor"; VariantName = "[No Variations]"
Added Component: Designator=R1A(0805 Resistor)
Add component (AddParameter): Name = "ComponentLink1Description"; Value = "Chip&Dip"; VariantName = "[No Variations]"
Add component (AddParameter): Name = "ComponentLink1URL"; Value = "https://www.chipdip.ru/product0/9000079514"; VariantName = "[No Variations]"
Add component (AddParameter): Name = "Manufacturer"; Value = "Taiwan"; VariantName = "[No Variations]"
Add component (AddParameter): Name = "Part Number"; Value = "RC0805FR-0710KL"; VariantName = "[No Variations]"
Add component (AddParameter): Name = "Type"; Value = "Resistor"; VariantName = "[No Variations]"
Added Component: Designator=R1B(0805 Resistor)
Add component (AddParameter): Name = "ComponentLink1Description"; Value = "Chip&Dip"; VariantName = "[No Variations]"
Add component (AddParameter): Name = "ComponentLink1URL"; Value = "https://www.chipdip.ru/product0/9000079514"; VariantName = "[No Variations]"
Add component (AddParameter): Name = "Manufacturer"; Value = "Taiwan"; VariantName = "[No Variations]"
Add component (AddParameter): Name = "Part Number"; Value = "RC0805FR-0710KL"; VariantName = "[No Variations]"
Add component (AddParameter): Name = "Type"; Value = "Resistor"; VariantName = "[No Variations]"
Added Component: Designator=R1C(0805 Resistor)
Add component (AddParameter): Name = "ComponentLink1Description"; Value = "Chip&Dip"; VariantName = "[No Variations]"
Add component (AddParameter): Name = "ComponentLink1URL"; Value = "https://www.chipdip.ru/product0/9000079514"; VariantName = "[No Variations]"
Add component (AddParameter): Name = "Manufacturer"; Value = "Taiwan"; VariantName = "[No Variations]"
Add component (AddParameter): Name = "Part Number"; Value = "RC0805FR-0710KL"; VariantName = "[No Variations]"
Add component (AddParameter): Name = "Type"; Value = "Resistor"; VariantName = "[No Variations]"
Added Component: Designator=R1D(0805 Resistor)
Add component (AddParameter): Name = "ComponentLink1Description"; Value = "Chip&Dip"; VariantName = "[No Variations]"
Add component (AddParameter): Name = "ComponentLink1URL"; Value = "https://www.chipdip.ru/product0/9000079514"; VariantName = "[No Variations]"
Add component (AddParameter): Name = "Manufacturer"; Value = "Taiwan"; VariantName = "[No Variations]"
Add component (AddParameter): Name = "Part Number"; Value = "RC0805FR-0710KL"; VariantName = "[No Variations]"
Add component (AddParameter): Name = "Type"; Value = "Resistor"; VariantName = "[No Variations]"
Added Component: Designator=R1E(0805 Resistor)
Add component (AddParameter): Name = "ComponentLink1Description"; Value = "Chip&Dip"; VariantName = "[No Variations]"
Add component (AddParameter): Name = "ComponentLink1URL"; Value = "https://www.chipdip.ru/product0/9000079514"; VariantName = "[No Variations]"
Add component (AddParameter): Name = "Manufacturer"; Value = "Taiwan"; VariantName = "[No Variations]"
Add component (AddParameter): Name = "Part Number"; Value = "RC0805FR-0710KL"; VariantName = "[No Variations]"
Add component (AddParameter): Name = "Type"; Value = "Resistor"; VariantName = "[No Variations]"
Added Component: Designator=R2A(0805 Resistor)
Add component (AddParameter): Name = "ComponentLink1Description"; Value = "Chip&Dip"; VariantName = "[No Variations]"
Add component (AddParameter): Name = "ComponentLink1URL"; Value = "https://www.chipdip.ru/product0/9000079514"; VariantName = "[No Variations]"
Add component (AddParameter): Name = "Manufacturer"; Value = "Taiwan"; VariantName = "[No Variations]"
Add component (AddParameter): Name = "Part Number"; Value = "RC0805FR-0710KL"; VariantName = "[No Variations]"
Add component (AddParameter): Name = "Type"; Value = "Resistor"; VariantName = "[No Variations]"
Added Component: Designator=R2B(0805 Resistor)
Add component (AddParameter): Name = "ComponentLink1Description"; Value = "Chip&Dip"; VariantName = "[No Variations]"
Add component (AddParameter): Name = "ComponentLink1URL"; Value = "https://www.chipdip.ru/product0/9000079514"; VariantName = "[No Variations]"
Add component (AddParameter): Name = "Manufacturer"; Value = "Taiwan"; VariantName = "[No Variations]"
Add component (AddParameter): Name = "Part Number"; Value = "RC0805FR-0710KL"; VariantName = "[No Variations]"
Add component (AddParameter): Name = "Type"; Value = "Resistor"; VariantName = "[No Variations]"
Added Component: Designator=R2C(0805 Resistor)
Add component (AddParameter): Name = "ComponentLink1Description"; Value = "Chip&Dip"; VariantName = "[No Variations]"
Add component (AddParameter): Name = "ComponentLink1URL"; Value = "https://www.chipdip.ru/product0/9000079514"; VariantName = "[No Variations]"
Add component (AddParameter): Name = "Manufacturer"; Value = "Taiwan"; VariantName = "[No Variations]"
Add component (AddParameter): Name = "Part Number"; Value = "RC0805FR-0710KL"; VariantName = "[No Variations]"
Add component (AddParameter): Name = "Type"; Value = "Resistor"; VariantName = "[No Variations]"
Added Component: Designator=R2D(0805 Resistor)
Add component (AddParameter): Name = "ComponentLink1Description"; Value = "Chip&Dip"; VariantName = "[No Variations]"
Add component (AddParameter): Name = "ComponentLink1URL"; Value = "https://www.chipdip.ru/product0/9000079514"; VariantName = "[No Variations]"
Add component (AddParameter): Name = "Manufacturer"; Value = "Taiwan"; VariantName = "[No Variations]"
Add component (AddParameter): Name = "Part Number"; Value = "RC0805FR-0710KL"; VariantName = "[No Variations]"
Add component (AddParameter): Name = "Type"; Value = "Resistor"; VariantName = "[No Variations]"
Added Component: Designator=R2E(0805 Resistor)
Add component (AddParameter): Name = "ComponentLink1Description"; Value = "Chip&Dip"; VariantName = "[No Variations]"
Add component (AddParameter): Name = "ComponentLink1URL"; Value = "https://www.chipdip.ru/product0/9000079514"; VariantName = "[No Variations]"
Add component (AddParameter): Name = "Manufacturer"; Value = "Taiwan"; VariantName = "[No Variations]"
Add component (AddParameter): Name = "Part Number"; Value = "RC0805FR-0710KL"; VariantName = "[No Variations]"
Add component (AddParameter): Name = "Type"; Value = "Resistor"; VariantName = "[No Variations]"
Added Component: Designator=R3A(0805 Resistor)
Add component (AddParameter): Name = "ComponentLink1Description"; Value = "Chip&Dip"; VariantName = "[No Variations]"
Add component (AddParameter): Name = "ComponentLink1URL"; Value = "https://www.chipdip.ru/product0/9000079514"; VariantName = "[No Variations]"
Add component (AddParameter): Name = "Manufacturer"; Value = "Taiwan"; VariantName = "[No Variations]"
Add component (AddParameter): Name = "Part Number"; Value = "RC0805FR-0710KL"; VariantName = "[No Variations]"
Add component (AddParameter): Name = "Type"; Value = "Resistor"; VariantName = "[No Variations]"
Added Component: Designator=R3B(0805 Resistor)
Add component (AddParameter): Name = "ComponentLink1Description"; Value = "Chip&Dip"; VariantName = "[No Variations]"
Add component (AddParameter): Name = "ComponentLink1URL"; Value = "https://www.chipdip.ru/product0/9000079514"; VariantName = "[No Variations]"
Add component (AddParameter): Name = "Manufacturer"; Value = "Taiwan"; VariantName = "[No Variations]"
Add component (AddParameter): Name = "Part Number"; Value = "RC0805FR-0710KL"; VariantName = "[No Variations]"
Add component (AddParameter): Name = "Type"; Value = "Resistor"; VariantName = "[No Variations]"
Added Component: Designator=R3C(0805 Resistor)
Add component (AddParameter): Name = "ComponentLink1Description"; Value = "Chip&Dip"; VariantName = "[No Variations]"
Add component (AddParameter): Name = "ComponentLink1URL"; Value = "https://www.chipdip.ru/product0/9000079514"; VariantName = "[No Variations]"
Add component (AddParameter): Name = "Manufacturer"; Value = "Taiwan"; VariantName = "[No Variations]"
Add component (AddParameter): Name = "Part Number"; Value = "RC0805FR-0710KL"; VariantName = "[No Variations]"
Add component (AddParameter): Name = "Type"; Value = "Resistor"; VariantName = "[No Variations]"
Added Component: Designator=R3D(0805 Resistor)
Add component (AddParameter): Name = "ComponentLink1Description"; Value = "Chip&Dip"; VariantName = "[No Variations]"
Add component (AddParameter): Name = "ComponentLink1URL"; Value = "https://www.chipdip.ru/product0/9000079514"; VariantName = "[No Variations]"
Add component (AddParameter): Name = "Manufacturer"; Value = "Taiwan"; VariantName = "[No Variations]"
Add component (AddParameter): Name = "Part Number"; Value = "RC0805FR-0710KL"; VariantName = "[No Variations]"
Add component (AddParameter): Name = "Type"; Value = "Resistor"; VariantName = "[No Variations]"
Added Component: Designator=R3E(0805 Resistor)
Add component (AddParameter): Name = "ComponentLink1Description"; Value = "Chip&Dip"; VariantName = "[No Variations]"
Add component (AddParameter): Name = "ComponentLink1URL"; Value = "https://www.chipdip.ru/product0/9000079514"; VariantName = "[No Variations]"
Add component (AddParameter): Name = "Manufacturer"; Value = "Taiwan"; VariantName = "[No Variations]"
Add component (AddParameter): Name = "Part Number"; Value = "RC0805FR-0710KL"; VariantName = "[No Variations]"
Add component (AddParameter): Name = "Type"; Value = "Resistor"; VariantName = "[No Variations]"
Added Component: Designator=R4A(2512 Resistor)
Add component (AddParameter): Name = "ComponentLink1Description"; Value = "Chip&Dip"; VariantName = "[No Variations]"
Add component (AddParameter): Name = "ComponentLink1URL"; Value = "https://www.chipdip.ru/product0/9000190086"; VariantName = "[No Variations]"
Add component (AddParameter): Name = "Manufacturer"; Value = "Taiwan"; VariantName = "[No Variations]"
Add component (AddParameter): Name = "Part Number"; Value = "RC2512FR-0762RL"; VariantName = "[No Variations]"
Add component (AddParameter): Name = "Type"; Value = "Resistor"; VariantName = "[No Variations]"
Added Component: Designator=R4B(2512 Resistor)
Add component (AddParameter): Name = "ComponentLink1Description"; Value = "Chip&Dip"; VariantName = "[No Variations]"
Add component (AddParameter): Name = "ComponentLink1URL"; Value = "https://www.chipdip.ru/product0/9000190086"; VariantName = "[No Variations]"
Add component (AddParameter): Name = "Manufacturer"; Value = "Taiwan"; VariantName = "[No Variations]"
Add component (AddParameter): Name = "Part Number"; Value = "RC2512FR-0762RL"; VariantName = "[No Variations]"
Add component (AddParameter): Name = "Type"; Value = "Resistor"; VariantName = "[No Variations]"
Added Component: Designator=R4C(2512 Resistor)
Add component (AddParameter): Name = "ComponentLink1Description"; Value = "Chip&Dip"; VariantName = "[No Variations]"
Add component (AddParameter): Name = "ComponentLink1URL"; Value = "https://www.chipdip.ru/product0/9000190086"; VariantName = "[No Variations]"
Add component (AddParameter): Name = "Manufacturer"; Value = "Taiwan"; VariantName = "[No Variations]"
Add component (AddParameter): Name = "Part Number"; Value = "RC2512FR-0762RL"; VariantName = "[No Variations]"
Add component (AddParameter): Name = "Type"; Value = "Resistor"; VariantName = "[No Variations]"
Added Component: Designator=R4D(2512 Resistor)
Add component (AddParameter): Name = "ComponentLink1Description"; Value = "Chip&Dip"; VariantName = "[No Variations]"
Add component (AddParameter): Name = "ComponentLink1URL"; Value = "https://www.chipdip.ru/product0/9000190086"; VariantName = "[No Variations]"
Add component (AddParameter): Name = "Manufacturer"; Value = "Taiwan"; VariantName = "[No Variations]"
Add component (AddParameter): Name = "Part Number"; Value = "RC2512FR-0762RL"; VariantName = "[No Variations]"
Add component (AddParameter): Name = "Type"; Value = "Resistor"; VariantName = "[No Variations]"
Added Component: Designator=R4E(2512 Resistor)
Add component (AddParameter): Name = "ComponentLink1Description"; Value = "Chip&Dip"; VariantName = "[No Variations]"
Add component (AddParameter): Name = "ComponentLink1URL"; Value = "https://www.chipdip.ru/product0/9000190086"; VariantName = "[No Variations]"
Add component (AddParameter): Name = "Manufacturer"; Value = "Taiwan"; VariantName = "[No Variations]"
Add component (AddParameter): Name = "Part Number"; Value = "RC2512FR-0762RL"; VariantName = "[No Variations]"
Add component (AddParameter): Name = "Type"; Value = "Resistor"; VariantName = "[No Variations]"
Added Component: Designator=R5A(2512 Resistor)
Add component (AddParameter): Name = "ComponentLink1Description"; Value = "Chip&Dip"; VariantName = "[No Variations]"
Add component (AddParameter): Name = "ComponentLink1URL"; Value = "https://www.chipdip.ru/product0/9000190086"; VariantName = "[No Variations]"
Add component (AddParameter): Name = "Manufacturer"; Value = "Taiwan"; VariantName = "[No Variations]"
Add component (AddParameter): Name = "Part Number"; Value = "RC2512FR-0762RL"; VariantName = "[No Variations]"
Add component (AddParameter): Name = "Type"; Value = "Resistor"; VariantName = "[No Variations]"
Added Component: Designator=R5B(2512 Resistor)
Add component (AddParameter): Name = "ComponentLink1Description"; Value = "Chip&Dip"; VariantName = "[No Variations]"
Add component (AddParameter): Name = "ComponentLink1URL"; Value = "https://www.chipdip.ru/product0/9000190086"; VariantName = "[No Variations]"
Add component (AddParameter): Name = "Manufacturer"; Value = "Taiwan"; VariantName = "[No Variations]"
Add component (AddParameter): Name = "Part Number"; Value = "RC2512FR-0762RL"; VariantName = "[No Variations]"
Add component (AddParameter): Name = "Type"; Value = "Resistor"; VariantName = "[No Variations]"
Added Component: Designator=R5C(2512 Resistor)
Add component (AddParameter): Name = "ComponentLink1Description"; Value = "Chip&Dip"; VariantName = "[No Variations]"
Add component (AddParameter): Name = "ComponentLink1URL"; Value = "https://www.chipdip.ru/product0/9000190086"; VariantName = "[No Variations]"
Add component (AddParameter): Name = "Manufacturer"; Value = "Taiwan"; VariantName = "[No Variations]"
Add component (AddParameter): Name = "Part Number"; Value = "RC2512FR-0762RL"; VariantName = "[No Variations]"
Add component (AddParameter): Name = "Type"; Value = "Resistor"; VariantName = "[No Variations]"
Added Component: Designator=R5D(2512 Resistor)
Add component (AddParameter): Name = "ComponentLink1Description"; Value = "Chip&Dip"; VariantName = "[No Variations]"
Add component (AddParameter): Name = "ComponentLink1URL"; Value = "https://www.chipdip.ru/product0/9000190086"; VariantName = "[No Variations]"
Add component (AddParameter): Name = "Manufacturer"; Value = "Taiwan"; VariantName = "[No Variations]"
Add component (AddParameter): Name = "Part Number"; Value = "RC2512FR-0762RL"; VariantName = "[No Variations]"
Add component (AddParameter): Name = "Type"; Value = "Resistor"; VariantName = "[No Variations]"
Added Component: Designator=R5E(2512 Resistor)
Add component (AddParameter): Name = "ComponentLink1Description"; Value = "Chip&Dip"; VariantName = "[No Variations]"
Add component (AddParameter): Name = "ComponentLink1URL"; Value = "https://www.chipdip.ru/product0/9000190086"; VariantName = "[No Variations]"
Add component (AddParameter): Name = "Manufacturer"; Value = "Taiwan"; VariantName = "[No Variations]"
Add component (AddParameter): Name = "Part Number"; Value = "RC2512FR-0762RL"; VariantName = "[No Variations]"
Add component (AddParameter): Name = "Type"; Value = "Resistor"; VariantName = "[No Variations]"
Added Component: Designator=R6A(2512 Resistor)
Add component (AddParameter): Name = "ComponentLink1Description"; Value = "Chip&Dip"; VariantName = "[No Variations]"
Add component (AddParameter): Name = "ComponentLink1URL"; Value = "https://www.chipdip.ru/product0/9000190086"; VariantName = "[No Variations]"
Add component (AddParameter): Name = "Manufacturer"; Value = "Taiwan"; VariantName = "[No Variations]"
Add component (AddParameter): Name = "Part Number"; Value = "RC2512FR-0762RL"; VariantName = "[No Variations]"
Add component (AddParameter): Name = "Type"; Value = "Resistor"; VariantName = "[No Variations]"
Added Component: Designator=R6B(2512 Resistor)
Add component (AddParameter): Name = "ComponentLink1Description"; Value = "Chip&Dip"; VariantName = "[No Variations]"
Add component (AddParameter): Name = "ComponentLink1URL"; Value = "https://www.chipdip.ru/product0/9000190086"; VariantName = "[No Variations]"
Add component (AddParameter): Name = "Manufacturer"; Value = "Taiwan"; VariantName = "[No Variations]"
Add component (AddParameter): Name = "Part Number"; Value = "RC2512FR-0762RL"; VariantName = "[No Variations]"
Add component (AddParameter): Name = "Type"; Value = "Resistor"; VariantName = "[No Variations]"
Added Component: Designator=R6C(2512 Resistor)
Add component (AddParameter): Name = "ComponentLink1Description"; Value = "Chip&Dip"; VariantName = "[No Variations]"
Add component (AddParameter): Name = "ComponentLink1URL"; Value = "https://www.chipdip.ru/product0/9000190086"; VariantName = "[No Variations]"
Add component (AddParameter): Name = "Manufacturer"; Value = "Taiwan"; VariantName = "[No Variations]"
Add component (AddParameter): Name = "Part Number"; Value = "RC2512FR-0762RL"; VariantName = "[No Variations]"
Add component (AddParameter): Name = "Type"; Value = "Resistor"; VariantName = "[No Variations]"
Added Component: Designator=R6D(2512 Resistor)
Add component (AddParameter): Name = "ComponentLink1Description"; Value = "Chip&Dip"; VariantName = "[No Variations]"
Add component (AddParameter): Name = "ComponentLink1URL"; Value = "https://www.chipdip.ru/product0/9000190086"; VariantName = "[No Variations]"
Add component (AddParameter): Name = "Manufacturer"; Value = "Taiwan"; VariantName = "[No Variations]"
Add component (AddParameter): Name = "Part Number"; Value = "RC2512FR-0762RL"; VariantName = "[No Variations]"
Add component (AddParameter): Name = "Type"; Value = "Resistor"; VariantName = "[No Variations]"
Added Component: Designator=R6E(2512 Resistor)
Add component (AddParameter): Name = "ComponentLink1Description"; Value = "Chip&Dip"; VariantName = "[No Variations]"
Add component (AddParameter): Name = "ComponentLink1URL"; Value = "https://www.chipdip.ru/product0/9000190086"; VariantName = "[No Variations]"
Add component (AddParameter): Name = "Manufacturer"; Value = "Taiwan"; VariantName = "[No Variations]"
Add component (AddParameter): Name = "Part Number"; Value = "RC2512FR-0762RL"; VariantName = "[No Variations]"
Add component (AddParameter): Name = "Type"; Value = "Resistor"; VariantName = "[No Variations]"
Added Component: Designator=R7A(2512 Resistor)
Add component (AddParameter): Name = "ComponentLink1Description"; Value = "Chip&Dip"; VariantName = "[No Variations]"
Add component (AddParameter): Name = "ComponentLink1URL"; Value = "https://www.chipdip.ru/product0/9000190086"; VariantName = "[No Variations]"
Add component (AddParameter): Name = "Manufacturer"; Value = "Taiwan"; VariantName = "[No Variations]"
Add component (AddParameter): Name = "Part Number"; Value = "RC2512FR-0762RL"; VariantName = "[No Variations]"
Add component (AddParameter): Name = "Type"; Value = "Resistor"; VariantName = "[No Variations]"
Added Component: Designator=R7B(2512 Resistor)
Add component (AddParameter): Name = "ComponentLink1Description"; Value = "Chip&Dip"; VariantName = "[No Variations]"
Add component (AddParameter): Name = "ComponentLink1URL"; Value = "https://www.chipdip.ru/product0/9000190086"; VariantName = "[No Variations]"
Add component (AddParameter): Name = "Manufacturer"; Value = "Taiwan"; VariantName = "[No Variations]"
Add component (AddParameter): Name = "Part Number"; Value = "RC2512FR-0762RL"; VariantName = "[No Variations]"
Add component (AddParameter): Name = "Type"; Value = "Resistor"; VariantName = "[No Variations]"
Added Component: Designator=R7C(2512 Resistor)
Add component (AddParameter): Name = "ComponentLink1Description"; Value = "Chip&Dip"; VariantName = "[No Variations]"
Add component (AddParameter): Name = "ComponentLink1URL"; Value = "https://www.chipdip.ru/product0/9000190086"; VariantName = "[No Variations]"
Add component (AddParameter): Name = "Manufacturer"; Value = "Taiwan"; VariantName = "[No Variations]"
Add component (AddParameter): Name = "Part Number"; Value = "RC2512FR-0762RL"; VariantName = "[No Variations]"
Add component (AddParameter): Name = "Type"; Value = "Resistor"; VariantName = "[No Variations]"
Added Component: Designator=R7D(2512 Resistor)
Add component (AddParameter): Name = "ComponentLink1Description"; Value = "Chip&Dip"; VariantName = "[No Variations]"
Add component (AddParameter): Name = "ComponentLink1URL"; Value = "https://www.chipdip.ru/product0/9000190086"; VariantName = "[No Variations]"
Add component (AddParameter): Name = "Manufacturer"; Value = "Taiwan"; VariantName = "[No Variations]"
Add component (AddParameter): Name = "Part Number"; Value = "RC2512FR-0762RL"; VariantName = "[No Variations]"
Add component (AddParameter): Name = "Type"; Value = "Resistor"; VariantName = "[No Variations]"
Added Component: Designator=R7E(2512 Resistor)
Add component (AddParameter): Name = "ComponentLink1Description"; Value = "Chip&Dip"; VariantName = "[No Variations]"
Add component (AddParameter): Name = "ComponentLink1URL"; Value = "https://www.chipdip.ru/product0/9000190086"; VariantName = "[No Variations]"
Add component (AddParameter): Name = "Manufacturer"; Value = "Taiwan"; VariantName = "[No Variations]"
Add component (AddParameter): Name = "Part Number"; Value = "RC2512FR-0762RL"; VariantName = "[No Variations]"
Add component (AddParameter): Name = "Type"; Value = "Resistor"; VariantName = "[No Variations]"
Added Component: Designator=R8(0805 Resistor)
Add component (AddParameter): Name = "ComponentLink1Description"; Value = "Chip&Dip"; VariantName = "[No Variations]"
Add component (AddParameter): Name = "ComponentLink1URL"; Value = "https://www.chipdip.ru/product0/9000079500"; VariantName = "[No Variations]"
Add component (AddParameter): Name = "Manufacturer"; Value = "Taiwan"; VariantName = "[No Variations]"
Add component (AddParameter): Name = "Part Number"; Value = "RC0805FR-073K9L"; VariantName = "[No Variations]"
Add component (AddParameter): Name = "Type"; Value = "Resistor"; VariantName = "[No Variations]"
Added Component: Designator=R9(0805 Resistor)
Add component (AddParameter): Name = "ComponentLink1Description"; Value = "Chip&Dip"; VariantName = "[No Variations]"
Add component (AddParameter): Name = "ComponentLink1URL"; Value = "https://www.chipdip.ru/product0/9000079500"; VariantName = "[No Variations]"
Add component (AddParameter): Name = "Manufacturer"; Value = "Taiwan"; VariantName = "[No Variations]"
Add component (AddParameter): Name = "Part Number"; Value = "RC0805FR-073K9L"; VariantName = "[No Variations]"
Add component (AddParameter): Name = "Type"; Value = "Resistor"; VariantName = "[No Variations]"
Added Component: Designator=R10(0805 Resistor)
Add component (AddParameter): Name = "ComponentLink1Description"; Value = "Chip&Dip"; VariantName = "[No Variations]"
Add component (AddParameter): Name = "ComponentLink1URL"; Value = "https://www.chipdip.ru/product0/9000079538"; VariantName = "[No Variations]"
Add component (AddParameter): Name = "Manufacturer"; Value = "Taiwan"; VariantName = "[No Variations]"
Add component (AddParameter): Name = "Part Number"; Value = "RC0805FR-07100KL"; VariantName = "[No Variations]"
Add component (AddParameter): Name = "Type"; Value = "Resistor"; VariantName = "[No Variations]"
Added Component: Designator=R11(0805 Resistor)
Add component (AddParameter): Name = "ComponentLink1Description"; Value = "Chip&Dip"; VariantName = "[No Variations]"
Add component (AddParameter): Name = "ComponentLink1URL"; Value = "https://www.chipdip.ru/product0/9000079506"; VariantName = "[No Variations]"
Add component (AddParameter): Name = "Manufacturer"; Value = "Taiwan"; VariantName = "[No Variations]"
Add component (AddParameter): Name = "Part Number"; Value = "RC0805FR-076K8L"; VariantName = "[No Variations]"
Add component (AddParameter): Name = "Type"; Value = "Resistor"; VariantName = "[No Variations]"
Added Component: Designator=R12(0805 Resistor)
Add component (AddParameter): Name = "ComponentLink1Description"; Value = "Chip&Dip"; VariantName = "[No Variations]"
Add component (AddParameter): Name = "ComponentLink1URL"; Value = "https://www.chipdip.ru/product0/9000079506"; VariantName = "[No Variations]"
Add component (AddParameter): Name = "Manufacturer"; Value = "Taiwan"; VariantName = "[No Variations]"
Add component (AddParameter): Name = "Part Number"; Value = "RC0805FR-076K8L"; VariantName = "[No Variations]"
Add component (AddParameter): Name = "Type"; Value = "Resistor"; VariantName = "[No Variations]"
Added Component: Designator=R13(0805 Resistor)
Add component (AddParameter): Name = "ComponentLink1Description"; Value = "Chip&Dip"; VariantName = "[No Variations]"
Add component (AddParameter): Name = "ComponentLink1URL"; Value = "https://www.chipdip.ru/product0/9000079538"; VariantName = "[No Variations]"
Add component (AddParameter): Name = "Manufacturer"; Value = "Taiwan"; VariantName = "[No Variations]"
Add component (AddParameter): Name = "Part Number"; Value = "RC0805FR-07100KL"; VariantName = "[No Variations]"
Add component (AddParameter): Name = "Type"; Value = "Resistor"; VariantName = "[No Variations]"
Added Component: Designator=U1A(SOIC-8)
Add component (AddParameter): Name = "ComponentLink1Description"; Value = "DataSheet"; VariantName = "[No Variations]"
Add component (AddParameter): Name = "ComponentLink1URL"; Value = "https://static.chipdip.ru/lib/321/DOC000321492.pdf"; VariantName = "[No Variations]"
Add component (AddParameter): Name = "ComponentLink2Description"; Value = "Chip&Dip"; VariantName = "[No Variations]"
Add component (AddParameter): Name = "ComponentLink2URL"; Value = "https://www.chipdip.ru/product/lmv358idr-pbf"; VariantName = "[No Variations]"
Add component (AddParameter): Name = "Manufacturer"; Value = "Texas Instruments"; VariantName = "[No Variations]"
Add component (AddParameter): Name = "Part Number"; Value = "LMV358IDR"; VariantName = "[No Variations]"
Add component (AddParameter): Name = "Type"; Value = "IC"; VariantName = "[No Variations]"
Added Component: Designator=U1B(SOIC-8)
Add component (AddParameter): Name = "ComponentLink1Description"; Value = "DataSheet"; VariantName = "[No Variations]"
Add component (AddParameter): Name = "ComponentLink1URL"; Value = "https://static.chipdip.ru/lib/321/DOC000321492.pdf"; VariantName = "[No Variations]"
Add component (AddParameter): Name = "ComponentLink2Description"; Value = "Chip&Dip"; VariantName = "[No Variations]"
Add component (AddParameter): Name = "ComponentLink2URL"; Value = "https://www.chipdip.ru/product/lmv358idr-pbf"; VariantName = "[No Variations]"
Add component (AddParameter): Name = "Manufacturer"; Value = "Texas Instruments"; VariantName = "[No Variations]"
Add component (AddParameter): Name = "Part Number"; Value = "LMV358IDR"; VariantName = "[No Variations]"
Add component (AddParameter): Name = "Type"; Value = "IC"; VariantName = "[No Variations]"
Added Component: Designator=U1C(SOIC-8)
Add component (AddParameter): Name = "ComponentLink1Description"; Value = "DataSheet"; VariantName = "[No Variations]"
Add component (AddParameter): Name = "ComponentLink1URL"; Value = "https://static.chipdip.ru/lib/321/DOC000321492.pdf"; VariantName = "[No Variations]"
Add component (AddParameter): Name = "ComponentLink2Description"; Value = "Chip&Dip"; VariantName = "[No Variations]"
Add component (AddParameter): Name = "ComponentLink2URL"; Value = "https://www.chipdip.ru/product/lmv358idr-pbf"; VariantName = "[No Variations]"
Add component (AddParameter): Name = "Manufacturer"; Value = "Texas Instruments"; VariantName = "[No Variations]"
Add component (AddParameter): Name = "Part Number"; Value = "LMV358IDR"; VariantName = "[No Variations]"
Add component (AddParameter): Name = "Type"; Value = "IC"; VariantName = "[No Variations]"
Added Component: Designator=U1D(SOIC-8)
Add component (AddParameter): Name = "ComponentLink1Description"; Value = "DataSheet"; VariantName = "[No Variations]"
Add component (AddParameter): Name = "ComponentLink1URL"; Value = "https://static.chipdip.ru/lib/321/DOC000321492.pdf"; VariantName = "[No Variations]"
Add component (AddParameter): Name = "ComponentLink2Description"; Value = "Chip&Dip"; VariantName = "[No Variations]"
Add component (AddParameter): Name = "ComponentLink2URL"; Value = "https://www.chipdip.ru/product/lmv358idr-pbf"; VariantName = "[No Variations]"
Add component (AddParameter): Name = "Manufacturer"; Value = "Texas Instruments"; VariantName = "[No Variations]"
Add component (AddParameter): Name = "Part Number"; Value = "LMV358IDR"; VariantName = "[No Variations]"
Add component (AddParameter): Name = "Type"; Value = "IC"; VariantName = "[No Variations]"
Added Component: Designator=U1E(SOIC-8)
Add component (AddParameter): Name = "ComponentLink1Description"; Value = "DataSheet"; VariantName = "[No Variations]"
Add component (AddParameter): Name = "ComponentLink1URL"; Value = "https://static.chipdip.ru/lib/321/DOC000321492.pdf"; VariantName = "[No Variations]"
Add component (AddParameter): Name = "ComponentLink2Description"; Value = "Chip&Dip"; VariantName = "[No Variations]"
Add component (AddParameter): Name = "ComponentLink2URL"; Value = "https://www.chipdip.ru/product/lmv358idr-pbf"; VariantName = "[No Variations]"
Add component (AddParameter): Name = "Manufacturer"; Value = "Texas Instruments"; VariantName = "[No Variations]"
Add component (AddParameter): Name = "Part Number"; Value = "LMV358IDR"; VariantName = "[No Variations]"
Add component (AddParameter): Name = "Type"; Value = "IC"; VariantName = "[No Variations]"
Added Component: Designator=U2(SOIC-8)
Add component (AddParameter): Name = "ComponentLink1Description"; Value = "DataSheet"; VariantName = "[No Variations]"
Add component (AddParameter): Name = "ComponentLink1URL"; Value = "https://static.chipdip.ru/lib/938/DOC011938774.pdf"; VariantName = "[No Variations]"
Add component (AddParameter): Name = "ComponentLink2Description"; Value = "ChipDip"; VariantName = "[No Variations]"
Add component (AddParameter): Name = "ComponentLink2URL"; Value = "https://www.chipdip.ru/product/lm2903d-stm"; VariantName = "[No Variations]"
Added Pin To Net: NetName=NetD1_1 Pin=D1-1
Added Pin To Net: NetName=OUT1 Pin=D1-2
Added Pin To Net: NetName=NetD2_1 Pin=D2-1
Added Pin To Net: NetName=OUT2 Pin=D2-2
Added Pin To Net: NetName=B+ Pin=D3-1
Added Pin To Net: NetName=Out Pin=D3-2
Added Pin To Net: NetName=B+ Pin=D3-3
Added Pin To Net: NetName=B- Pin=D4-1
Added Pin To Net: NetName=1IN+ Pin=D4-2
Added Pin To Net: NetName=B- Pin=D5-1
Added Pin To Net: NetName=2IN- Pin=D5-2
Added Pin To Net: NetName=B1 Pin=J1-1
Added Pin To Net: NetName=B2 Pin=J1-2
Added Pin To Net: NetName=B3 Pin=J1-3
Added Pin To Net: NetName=B4 Pin=J1-4
Added Pin To Net: NetName=B5 Pin=J1-5
Added Pin To Net: NetName=B6 Pin=J1-6
Added Pin To Net: NetName=B7 Pin=J1-7
Added Pin To Net: NetName=B8 Pin=J1-8
Added Pin To Net: NetName=B9 Pin=J1-9
Added Pin To Net: NetName=B10 Pin=J1-10
Added Pin To Net: NetName=B- Pin=P1-1
Added Pin To Net: NetName=1IN- Pin=P1-2
Added Pin To Net: NetName=NetP1_3 Pin=P1-3
Added Pin To Net: NetName=B- Pin=P2-1
Added Pin To Net: NetName=2IN+ Pin=P2-2
Added Pin To Net: NetName=NetP2_3 Pin=P2-3
Added Pin To Net: NetName=1OUTA Pin=Q1A-1
Added Pin To Net: NetName=NetQ1A_2 Pin=Q1A-2
Added Pin To Net: NetName=B3 Pin=Q1A-3
Added Pin To Net: NetName=1OUTB Pin=Q1B-1
Added Pin To Net: NetName=NetQ1B_2 Pin=Q1B-2
Added Pin To Net: NetName=B5 Pin=Q1B-3
Added Pin To Net: NetName=1OUTC Pin=Q1C-1
Added Pin To Net: NetName=NetQ1C_2 Pin=Q1C-2
Added Pin To Net: NetName=B7 Pin=Q1C-3
Added Pin To Net: NetName=1OUTD Pin=Q1D-1
Added Pin To Net: NetName=NetQ1D_2 Pin=Q1D-2
Added Pin To Net: NetName=B9 Pin=Q1D-3
Added Pin To Net: NetName=1OUTE Pin=Q1E-1
Added Pin To Net: NetName=NetQ1E_2 Pin=Q1E-2
Added Pin To Net: NetName=B+ Pin=Q1E-3
Added Pin To Net: NetName=1OUTA Pin=Q2A-1
Added Pin To Net: NetName=NetQ1A_2 Pin=Q2A-2
Added Pin To Net: NetName=B- Pin=Q2A-3
Added Pin To Net: NetName=1OUTB Pin=Q2B-1
Added Pin To Net: NetName=NetQ1B_2 Pin=Q2B-2
Added Pin To Net: NetName=B2 Pin=Q2B-3
Added Pin To Net: NetName=1OUTC Pin=Q2C-1
Added Pin To Net: NetName=NetQ1C_2 Pin=Q2C-2
Added Pin To Net: NetName=B4 Pin=Q2C-3
Added Pin To Net: NetName=1OUTD Pin=Q2D-1
Added Pin To Net: NetName=NetQ1D_2 Pin=Q2D-2
Added Pin To Net: NetName=B6 Pin=Q2D-3
Added Pin To Net: NetName=1OUTE Pin=Q2E-1
Added Pin To Net: NetName=NetQ1E_2 Pin=Q2E-2
Added Pin To Net: NetName=B8 Pin=Q2E-3
Added Pin To Net: NetName=2OUTA Pin=Q3A-1
Added Pin To Net: NetName=NetQ3A_2 Pin=Q3A-2
Added Pin To Net: NetName=B3 Pin=Q3A-3
Added Pin To Net: NetName=2OUTB Pin=Q3B-1
Added Pin To Net: NetName=NetQ3B_2 Pin=Q3B-2
Added Pin To Net: NetName=B5 Pin=Q3B-3
Added Pin To Net: NetName=2OUTC Pin=Q3C-1
Added Pin To Net: NetName=NetQ3C_2 Pin=Q3C-2
Added Pin To Net: NetName=B7 Pin=Q3C-3
Added Pin To Net: NetName=2OUTD Pin=Q3D-1
Added Pin To Net: NetName=NetQ3D_2 Pin=Q3D-2
Added Pin To Net: NetName=B9 Pin=Q3D-3
Added Pin To Net: NetName=2OUTE Pin=Q3E-1
Added Pin To Net: NetName=NetQ3E_2 Pin=Q3E-2
Added Pin To Net: NetName=B+ Pin=Q3E-3
Added Pin To Net: NetName=2OUTA Pin=Q4A-1
Added Pin To Net: NetName=NetQ3A_2 Pin=Q4A-2
Added Pin To Net: NetName=B- Pin=Q4A-3
Added Pin To Net: NetName=2OUTB Pin=Q4B-1
Added Pin To Net: NetName=NetQ3B_2 Pin=Q4B-2
Added Pin To Net: NetName=B2 Pin=Q4B-3
Added Pin To Net: NetName=2OUTC Pin=Q4C-1
Added Pin To Net: NetName=NetQ3C_2 Pin=Q4C-2
Added Pin To Net: NetName=B4 Pin=Q4C-3
Added Pin To Net: NetName=2OUTD Pin=Q4D-1
Added Pin To Net: NetName=NetQ3D_2 Pin=Q4D-2
Added Pin To Net: NetName=B6 Pin=Q4D-3
Added Pin To Net: NetName=2OUTE Pin=Q4E-1
Added Pin To Net: NetName=NetQ3E_2 Pin=Q4E-2
Added Pin To Net: NetName=B8 Pin=Q4E-3
Added Pin To Net: NetName=OUT1 Pin=Q5-1
Added Pin To Net: NetName=Out Pin=Q5-2
Added Pin To Net: NetName=B+ Pin=Q5-3
Added Pin To Net: NetName=OUT2 Pin=Q6-1
Added Pin To Net: NetName=B+ Pin=Q6-2
Added Pin To Net: NetName=Out Pin=Q6-3
Added Pin To Net: NetName=2IN+A Pin=R1A-1
Added Pin To Net: NetName=B3 Pin=R1A-2
Added Pin To Net: NetName=2IN+B Pin=R1B-1
Added Pin To Net: NetName=B5 Pin=R1B-2
Added Pin To Net: NetName=2IN+C Pin=R1C-1
Added Pin To Net: NetName=B7 Pin=R1C-2
Added Pin To Net: NetName=2IN+D Pin=R1D-1
Added Pin To Net: NetName=B9 Pin=R1D-2
Added Pin To Net: NetName=2IN+E Pin=R1E-1
Added Pin To Net: NetName=B+ Pin=R1E-2
Added Pin To Net: NetName=1IN+A Pin=R2A-1
Added Pin To Net: NetName=2IN+A Pin=R2A-2
Added Pin To Net: NetName=1IN+B Pin=R2B-1
Added Pin To Net: NetName=2IN+B Pin=R2B-2
Added Pin To Net: NetName=1IN+C Pin=R2C-1
Added Pin To Net: NetName=2IN+C Pin=R2C-2
Added Pin To Net: NetName=1IN+D Pin=R2D-1
Added Pin To Net: NetName=2IN+D Pin=R2D-2
Added Pin To Net: NetName=1IN+E Pin=R2E-1
Added Pin To Net: NetName=2IN+E Pin=R2E-2
Added Pin To Net: NetName=B- Pin=R3A-1
Added Pin To Net: NetName=1IN+A Pin=R3A-2
Added Pin To Net: NetName=B2 Pin=R3B-1
Added Pin To Net: NetName=1IN+B Pin=R3B-2
Added Pin To Net: NetName=B4 Pin=R3C-1
Added Pin To Net: NetName=1IN+C Pin=R3C-2
Added Pin To Net: NetName=B6 Pin=R3D-1
Added Pin To Net: NetName=1IN+D Pin=R3D-2
Added Pin To Net: NetName=B8 Pin=R3E-1
Added Pin To Net: NetName=1IN+E Pin=R3E-2
Added Pin To Net: NetName=NetQ1A_2 Pin=R4A-1
Added Pin To Net: NetName=B1 Pin=R4A-2
Added Pin To Net: NetName=NetQ1B_2 Pin=R4B-1
Added Pin To Net: NetName=B3 Pin=R4B-2
Added Pin To Net: NetName=NetQ1C_2 Pin=R4C-1
Added Pin To Net: NetName=B5 Pin=R4C-2
Added Pin To Net: NetName=NetQ1D_2 Pin=R4D-1
Added Pin To Net: NetName=B7 Pin=R4D-2
Added Pin To Net: NetName=NetQ1E_2 Pin=R4E-1
Added Pin To Net: NetName=B9 Pin=R4E-2
Added Pin To Net: NetName=NetQ1A_2 Pin=R5A-1
Added Pin To Net: NetName=B1 Pin=R5A-2
Added Pin To Net: NetName=NetQ1B_2 Pin=R5B-1
Added Pin To Net: NetName=B3 Pin=R5B-2
Added Pin To Net: NetName=NetQ1C_2 Pin=R5C-1
Added Pin To Net: NetName=B5 Pin=R5C-2
Added Pin To Net: NetName=NetQ1D_2 Pin=R5D-1
Added Pin To Net: NetName=B7 Pin=R5D-2
Added Pin To Net: NetName=NetQ1E_2 Pin=R5E-1
Added Pin To Net: NetName=B9 Pin=R5E-2
Added Pin To Net: NetName=NetQ3A_2 Pin=R6A-1
Added Pin To Net: NetName=B2 Pin=R6A-2
Added Pin To Net: NetName=NetQ3B_2 Pin=R6B-1
Added Pin To Net: NetName=B4 Pin=R6B-2
Added Pin To Net: NetName=NetQ3C_2 Pin=R6C-1
Added Pin To Net: NetName=B6 Pin=R6C-2
Added Pin To Net: NetName=NetQ3D_2 Pin=R6D-1
Added Pin To Net: NetName=B8 Pin=R6D-2
Added Pin To Net: NetName=NetQ3E_2 Pin=R6E-1
Added Pin To Net: NetName=B10 Pin=R6E-2
Added Pin To Net: NetName=NetQ3A_2 Pin=R7A-1
Added Pin To Net: NetName=B2 Pin=R7A-2
Added Pin To Net: NetName=NetQ3B_2 Pin=R7B-1
Added Pin To Net: NetName=B4 Pin=R7B-2
Added Pin To Net: NetName=NetQ3C_2 Pin=R7C-1
Added Pin To Net: NetName=B6 Pin=R7C-2
Added Pin To Net: NetName=NetQ3D_2 Pin=R7D-1
Added Pin To Net: NetName=B8 Pin=R7D-2
Added Pin To Net: NetName=NetQ3E_2 Pin=R7E-1
Added Pin To Net: NetName=B10 Pin=R7E-2
Added Pin To Net: NetName=NetD1_1 Pin=R8-1
Added Pin To Net: NetName=B4 Pin=R8-2
Added Pin To Net: NetName=NetD2_1 Pin=R9-1
Added Pin To Net: NetName=B4 Pin=R9-2
Added Pin To Net: NetName=NetP1_3 Pin=R10-1
Added Pin To Net: NetName=B+ Pin=R10-2
Added Pin To Net: NetName=1IN+ Pin=R11-1
Added Pin To Net: NetName=B4 Pin=R11-2
Added Pin To Net: NetName=2IN- Pin=R12-1
Added Pin To Net: NetName=B4 Pin=R12-2
Added Pin To Net: NetName=NetP2_3 Pin=R13-1
Added Pin To Net: NetName=B+ Pin=R13-2
Added Pin To Net: NetName=1OUTA Pin=U1A-1
Added Pin To Net: NetName=B1 Pin=U1A-2
Added Pin To Net: NetName=1IN+A Pin=U1A-3
Added Pin To Net: NetName=B- Pin=U1A-4
Added Pin To Net: NetName=2IN+A Pin=U1A-5
Added Pin To Net: NetName=B2 Pin=U1A-6
Added Pin To Net: NetName=2OUTA Pin=U1A-7
Added Pin To Net: NetName=B3 Pin=U1A-8
Added Pin To Net: NetName=1OUTB Pin=U1B-1
Added Pin To Net: NetName=B3 Pin=U1B-2
Added Pin To Net: NetName=1IN+B Pin=U1B-3
Added Pin To Net: NetName=B2 Pin=U1B-4
Added Pin To Net: NetName=2IN+B Pin=U1B-5
Added Pin To Net: NetName=B4 Pin=U1B-6
Added Pin To Net: NetName=2OUTB Pin=U1B-7
Added Pin To Net: NetName=B5 Pin=U1B-8
Added Pin To Net: NetName=1OUTC Pin=U1C-1
Added Pin To Net: NetName=B5 Pin=U1C-2
Added Pin To Net: NetName=1IN+C Pin=U1C-3
Added Pin To Net: NetName=B4 Pin=U1C-4
Added Pin To Net: NetName=2IN+C Pin=U1C-5
Added Pin To Net: NetName=B6 Pin=U1C-6
Added Pin To Net: NetName=2OUTC Pin=U1C-7
Added Pin To Net: NetName=B7 Pin=U1C-8
Added Pin To Net: NetName=1OUTD Pin=U1D-1
Added Pin To Net: NetName=B7 Pin=U1D-2
Added Pin To Net: NetName=1IN+D Pin=U1D-3
Added Pin To Net: NetName=B6 Pin=U1D-4
Added Pin To Net: NetName=2IN+D Pin=U1D-5
Added Pin To Net: NetName=B8 Pin=U1D-6
Added Pin To Net: NetName=2OUTD Pin=U1D-7
Added Pin To Net: NetName=B9 Pin=U1D-8
Added Pin To Net: NetName=1OUTE Pin=U1E-1
Added Pin To Net: NetName=B9 Pin=U1E-2
Added Pin To Net: NetName=1IN+E Pin=U1E-3
Added Pin To Net: NetName=B8 Pin=U1E-4
Added Pin To Net: NetName=2IN+E Pin=U1E-5
Added Pin To Net: NetName=B10 Pin=U1E-6
Added Pin To Net: NetName=2OUTE Pin=U1E-7
Added Pin To Net: NetName=B+ Pin=U1E-8
Added Pin To Net: NetName=OUT1 Pin=U2-1
Added Pin To Net: NetName=1IN- Pin=U2-2
Added Pin To Net: NetName=1IN+ Pin=U2-3
Added Pin To Net: NetName=B- Pin=U2-4
Added Pin To Net: NetName=2IN+ Pin=U2-5
Added Pin To Net: NetName=2IN- Pin=U2-6
Added Pin To Net: NetName=OUT2 Pin=U2-7
Added Pin To Net: NetName=B4 Pin=U2-8
Added Member To Class: ClassName=BMS Member=Component D1 LedB
Added Member To Class: ClassName=BMS Member=Component D2 LedR
Added Member To Class: ClassName=BMS Member=Component D3 Diode Shottky
Added Member To Class: ClassName=BMS Member=Component D4 Zener 3V
Added Member To Class: ClassName=BMS Member=Component D5 Zener 3V
Added Member To Class: ClassName=BMS Member=Component J1 PBS 10x1
Added Member To Class: ClassName=BMS Member=Component P1 3329H
Added Member To Class: ClassName=BMS Member=Component P2 3329H
Added Member To Class: ClassName=bal1 Member=Component Q1A (Q1) BCX54-16
Added Member To Class: ClassName=bal2 Member=Component Q1B (Q1) BCX54-16
Added Member To Class: ClassName=bal3 Member=Component Q1C (Q1) BCX54-16
Added Member To Class: ClassName=bal4 Member=Component Q1D (Q1) BCX54-16
Added Member To Class: ClassName=bal5 Member=Component Q1E (Q1) BCX54-16
Added Member To Class: ClassName=bal1 Member=Component Q2A (Q2) BCX51-16
Added Member To Class: ClassName=bal2 Member=Component Q2B (Q2) BCX51-16
Added Member To Class: ClassName=bal3 Member=Component Q2C (Q2) BCX51-16
Added Member To Class: ClassName=bal4 Member=Component Q2D (Q2) BCX51-16
Added Member To Class: ClassName=bal5 Member=Component Q2E (Q2) BCX51-16
Added Member To Class: ClassName=bal1 Member=Component Q3A (Q3) BCX54-16
Added Member To Class: ClassName=bal2 Member=Component Q3B (Q3) BCX54-16
Added Member To Class: ClassName=bal3 Member=Component Q3C (Q3) BCX54-16
Added Member To Class: ClassName=bal4 Member=Component Q3D (Q3) BCX54-16
Added Member To Class: ClassName=bal5 Member=Component Q3E (Q3) BCX54-16
Added Member To Class: ClassName=bal1 Member=Component Q4A (Q4) BCX51-16
Added Member To Class: ClassName=bal2 Member=Component Q4B (Q4) BCX51-16
Added Member To Class: ClassName=bal3 Member=Component Q4C (Q4) BCX51-16
Added Member To Class: ClassName=bal4 Member=Component Q4D (Q4) BCX51-16
Added Member To Class: ClassName=bal5 Member=Component Q4E (Q4) BCX51-16
Added Member To Class: ClassName=BMS Member=Component Q5 MOSFET-N
Added Member To Class: ClassName=BMS Member=Component Q6 MOSFET-N
Added Member To Class: ClassName=bal1 Member=Component R1A (R1) 10k
Added Member To Class: ClassName=bal2 Member=Component R1B (R1) 10k
Added Member To Class: ClassName=bal3 Member=Component R1C (R1) 10k
Added Member To Class: ClassName=bal4 Member=Component R1D (R1) 10k
Added Member To Class: ClassName=bal5 Member=Component R1E (R1) 10k
Added Member To Class: ClassName=bal1 Member=Component R2A (R2) 10k
Added Member To Class: ClassName=bal2 Member=Component R2B (R2) 10k
Added Member To Class: ClassName=bal3 Member=Component R2C (R2) 10k
Added Member To Class: ClassName=bal4 Member=Component R2D (R2) 10k
Added Member To Class: ClassName=bal5 Member=Component R2E (R2) 10k
Added Member To Class: ClassName=bal1 Member=Component R3A (R3) 10k
Added Member To Class: ClassName=bal2 Member=Component R3B (R3) 10k
Added Member To Class: ClassName=bal3 Member=Component R3C (R3) 10k
Added Member To Class: ClassName=bal4 Member=Component R3D (R3) 10k
Added Member To Class: ClassName=bal5 Member=Component R3E (R3) 10k
Added Member To Class: ClassName=bal1 Member=Component R4A (R4) 62R
Added Member To Class: ClassName=bal2 Member=Component R4B (R4) 62R
Added Member To Class: ClassName=bal3 Member=Component R4C (R4) 62R
Added Member To Class: ClassName=bal4 Member=Component R4D (R4) 62R
Added Member To Class: ClassName=bal5 Member=Component R4E (R4) 62R
Added Member To Class: ClassName=bal1 Member=Component R5A (R5) 62R
Added Member To Class: ClassName=bal2 Member=Component R5B (R5) 62R
Added Member To Class: ClassName=bal3 Member=Component R5C (R5) 62R
Added Member To Class: ClassName=bal4 Member=Component R5D (R5) 62R
Added Member To Class: ClassName=bal5 Member=Component R5E (R5) 62R
Added Member To Class: ClassName=bal1 Member=Component R6A (R6) 62R
Added Member To Class: ClassName=bal2 Member=Component R6B (R6) 62R
Added Member To Class: ClassName=bal3 Member=Component R6C (R6) 62R
Added Member To Class: ClassName=bal4 Member=Component R6D (R6) 62R
Added Member To Class: ClassName=bal5 Member=Component R6E (R6) 62R
Added Member To Class: ClassName=bal1 Member=Component R7A (R7) 62R
Added Member To Class: ClassName=bal2 Member=Component R7B (R7) 62R
Added Member To Class: ClassName=bal3 Member=Component R7C (R7) 62R
Added Member To Class: ClassName=bal4 Member=Component R7D (R7) 62R
Added Member To Class: ClassName=bal5 Member=Component R7E (R7) 62R
Added Member To Class: ClassName=BMS Member=Component R8 1k
Added Member To Class: ClassName=BMS Member=Component R9 1k
Added Member To Class: ClassName=BMS Member=Component R10 Res 100k
Added Member To Class: ClassName=BMS Member=Component R11 4k
Added Member To Class: ClassName=BMS Member=Component R12 4k
Added Member To Class: ClassName=BMS Member=Component R13 Res 100k
Added Member To Class: ClassName=bal1 Member=Component U1A (U1) OpAmp
Added Member To Class: ClassName=bal2 Member=Component U1B (U1) OpAmp
Added Member To Class: ClassName=bal3 Member=Component U1C (U1) OpAmp
Added Member To Class: ClassName=bal4 Member=Component U1D (U1) OpAmp
Added Member To Class: ClassName=bal5 Member=Component U1E (U1) OpAmp
Added Member To Class: ClassName=BMS Member=Component U2 LM290
Added Room: Name=bal1
Added Room: Name=bal2
Added Room: Name=bal3
Added Room: Name=bal4
Added Room: Name=bal5
Added Room: Name=BMS
