Removed Pin From Net: NetName=B+ Pin=D4-1
Removed Pin From Net: NetName=B+ Pin=D5-1
Removed Pin From Net: NetName=B+ Pin=J2-1
Removed Pin From Net: NetName=B+ Pin=P1-1
Removed Pin From Net: NetName=B+ Pin=P2-1
Removed Pin From Net: NetName=B+ Pin=Q2A-3
Removed Pin From Net: NetName=B+ Pin=Q4A-3
Removed Pin From Net: NetName=B+ Pin=R3A-1
Removed Pin From Net: NetName=B+ Pin=U1A-4
Removed Pin From Net: NetName=B+ Pin=U2-4
Added Pin To Net: NetName=Out Pin=D4-1
Added Pin To Net: NetName=Out Pin=D5-1
Added Pin To Net: NetName=Out Pin=J2-1
Added Pin To Net: NetName=Out Pin=P1-1
Added Pin To Net: NetName=Out Pin=P2-1
Added Pin To Net: NetName=Out Pin=Q2A-3
Added Pin To Net: NetName=Out Pin=Q4A-3
Added Pin To Net: NetName=Out Pin=R3A-1
Added Pin To Net: NetName=Out Pin=U1A-4
Added Pin To Net: NetName=Out Pin=U2-4
Change Net Name : Old Net Name=Out New Net Name=B-
Added Room: Name=BMS
