Removed Pin From Net: NetName=B3 Pin=Q1A-3
Removed Pin From Net: NetName=B5 Pin=Q1B-3
Removed Pin From Net: NetName=B7 Pin=Q1C-3
Removed Pin From Net: NetName=B9 Pin=Q1D-3
Removed Pin From Net: NetName=B+ Pin=Q1E-3
Removed Pin From Net: NetName=B- Pin=Q2A-3
Removed Pin From Net: NetName=B2 Pin=Q2B-3
Removed Pin From Net: NetName=B4 Pin=Q2C-3
Removed Pin From Net: NetName=B6 Pin=Q2D-3
Removed Pin From Net: NetName=B8 Pin=Q2E-3
Removed Pin From Net: NetName=B3 Pin=Q3A-3
Removed Pin From Net: NetName=B5 Pin=Q3B-3
Removed Pin From Net: NetName=B7 Pin=Q3C-3
Removed Pin From Net: NetName=B9 Pin=Q3D-3
Removed Pin From Net: NetName=B+ Pin=Q3E-3
Removed Pin From Net: NetName=B- Pin=Q4A-3
Removed Pin From Net: NetName=B2 Pin=Q4B-3
Removed Pin From Net: NetName=B4 Pin=Q4C-3
Removed Pin From Net: NetName=B6 Pin=Q4D-3
Removed Pin From Net: NetName=B8 Pin=Q4E-3
Removed Pin From Net: NetName=B2 Pin=R1A-2
Removed Pin From Net: NetName=B4 Pin=R1B-2
Removed Pin From Net: NetName=B6 Pin=R1C-2
Removed Pin From Net: NetName=B8 Pin=R1D-2
Removed Pin From Net: NetName=B10 Pin=R1E-2
Removed Pin From Net: NetName=B3 Pin=R2A-2
Removed Pin From Net: NetName=B5 Pin=R2B-2
Removed Pin From Net: NetName=B7 Pin=R2C-2
Removed Pin From Net: NetName=B9 Pin=R2D-2
Removed Pin From Net: NetName=B+ Pin=R2E-2
Removed Pin From Net: NetName=B2 Pin=R3A-2
Removed Pin From Net: NetName=B4 Pin=R3B-2
Removed Pin From Net: NetName=B6 Pin=R3C-2
Removed Pin From Net: NetName=B8 Pin=R3D-2
Removed Pin From Net: NetName=B10 Pin=R3E-2
Removed Pin From Net: NetName=B- Pin=R5A-1
Removed Pin From Net: NetName=B2 Pin=R5B-1
Removed Pin From Net: NetName=B4 Pin=R5C-1
Removed Pin From Net: NetName=B6 Pin=R5D-1
Removed Pin From Net: NetName=B8 Pin=R5E-1
Removed Pin From Net: NetName=B1 Pin=R6A-2
Removed Pin From Net: NetName=B3 Pin=R6B-2
Removed Pin From Net: NetName=B5 Pin=R6C-2
Removed Pin From Net: NetName=B7 Pin=R6D-2
Removed Pin From Net: NetName=B9 Pin=R6E-2
Removed Pin From Net: NetName=B1 Pin=R7A-2
Removed Pin From Net: NetName=B3 Pin=R7B-2
Removed Pin From Net: NetName=B5 Pin=R7C-2
Removed Pin From Net: NetName=B7 Pin=R7D-2
Removed Pin From Net: NetName=B9 Pin=R7E-2
Removed Pin From Net: NetName=B1 Pin=U1A-2
Removed Pin From Net: NetName=B- Pin=U1A-4
Removed Pin From Net: NetName=B2 Pin=U1A-6
Removed Pin From Net: NetName=B3 Pin=U1A-8
Removed Pin From Net: NetName=B3 Pin=U1B-2
Removed Pin From Net: NetName=B2 Pin=U1B-4
Removed Pin From Net: NetName=B4 Pin=U1B-6
Removed Pin From Net: NetName=B5 Pin=U1B-8
Removed Pin From Net: NetName=B5 Pin=U1C-2
Removed Pin From Net: NetName=B4 Pin=U1C-4
Removed Pin From Net: NetName=B6 Pin=U1C-6
Removed Pin From Net: NetName=B7 Pin=U1C-8
Removed Pin From Net: NetName=B7 Pin=U1D-2
Removed Pin From Net: NetName=B6 Pin=U1D-4
Removed Pin From Net: NetName=B8 Pin=U1D-6
Removed Pin From Net: NetName=B9 Pin=U1D-8
Removed Pin From Net: NetName=B9 Pin=U1E-2
Removed Pin From Net: NetName=B8 Pin=U1E-4
Removed Pin From Net: NetName=B10 Pin=U1E-6
Removed Pin From Net: NetName=B+ Pin=U1E-8
Removed Member From Class: ClassName=bal1 Member=Q1A
Removed Member From Class: ClassName=bal2 Member=Q1B
Removed Member From Class: ClassName=bal3 Member=Q1C
Removed Member From Class: ClassName=bal4 Member=Q1D
Removed Member From Class: ClassName=bal5 Member=Q1E
Removed Member From Class: ClassName=bal1 Member=Q2A
Removed Member From Class: ClassName=bal2 Member=Q2B
Removed Member From Class: ClassName=bal3 Member=Q2C
Removed Member From Class: ClassName=bal4 Member=Q2D
Removed Member From Class: ClassName=bal5 Member=Q2E
Removed Member From Class: ClassName=bal1 Member=Q3A
Removed Member From Class: ClassName=bal2 Member=Q3B
Removed Member From Class: ClassName=bal3 Member=Q3C
Removed Member From Class: ClassName=bal4 Member=Q3D
Removed Member From Class: ClassName=bal5 Member=Q3E
Removed Member From Class: ClassName=bal1 Member=Q4A
Removed Member From Class: ClassName=bal2 Member=Q4B
Removed Member From Class: ClassName=bal3 Member=Q4C
Removed Member From Class: ClassName=bal4 Member=Q4D
Removed Member From Class: ClassName=bal5 Member=Q4E
Removed Member From Class: ClassName=bal1 Member=R1A
Removed Member From Class: ClassName=bal2 Member=R1B
Removed Member From Class: ClassName=bal3 Member=R1C
Removed Member From Class: ClassName=bal4 Member=R1D
Removed Member From Class: ClassName=bal5 Member=R1E
Removed Member From Class: ClassName=bal1 Member=R2A
Removed Member From Class: ClassName=bal2 Member=R2B
Removed Member From Class: ClassName=bal3 Member=R2C
Removed Member From Class: ClassName=bal4 Member=R2D
Removed Member From Class: ClassName=bal5 Member=R2E
Removed Member From Class: ClassName=bal1 Member=R3A
Removed Member From Class: ClassName=bal2 Member=R3B
Removed Member From Class: ClassName=bal3 Member=R3C
Removed Member From Class: ClassName=bal4 Member=R3D
Removed Member From Class: ClassName=bal5 Member=R3E
Removed Member From Class: ClassName=bal1 Member=R4A
Removed Member From Class: ClassName=bal2 Member=R4B
Removed Member From Class: ClassName=bal3 Member=R4C
Removed Member From Class: ClassName=bal4 Member=R4D
Removed Member From Class: ClassName=bal5 Member=R4E
Removed Member From Class: ClassName=bal1 Member=R5A
Removed Member From Class: ClassName=bal2 Member=R5B
Removed Member From Class: ClassName=bal3 Member=R5C
Removed Member From Class: ClassName=bal4 Member=R5D
Removed Member From Class: ClassName=bal5 Member=R5E
Removed Member From Class: ClassName=bal1 Member=R6A
Removed Member From Class: ClassName=bal2 Member=R6B
Removed Member From Class: ClassName=bal3 Member=R6C
Removed Member From Class: ClassName=bal4 Member=R6D
Removed Member From Class: ClassName=bal5 Member=R6E
Removed Member From Class: ClassName=bal1 Member=R7A
Removed Member From Class: ClassName=bal2 Member=R7B
Removed Member From Class: ClassName=bal3 Member=R7C
Removed Member From Class: ClassName=bal4 Member=R7D
Removed Member From Class: ClassName=bal5 Member=R7E
Removed Member From Class: ClassName=bal1 Member=U1A
Removed Member From Class: ClassName=bal2 Member=U1B
Removed Member From Class: ClassName=bal3 Member=U1C
Removed Member From Class: ClassName=bal4 Member=U1D
Removed Member From Class: ClassName=bal5 Member=U1E
Added Component: Designator=Q1_1(SOT-89)
Add component (AddParameter): Name = "ComponentLink1Description"; Value = "DataSheet"; VariantName = "[No Variations]"
Add component (AddParameter): Name = "ComponentLink1URL"; Value = "https://static.chipdip.ru/lib/156/DOC000156781.pdf"; VariantName = "[No Variations]"
Add component (AddParameter): Name = "ComponentLink2Description"; Value = "Chip&Dip"; VariantName = "[No Variations]"
Add component (AddParameter): Name = "ComponentLink2URL"; Value = "https://www.chipdip.ru/product/bc817-40"; VariantName = "[No Variations]"
Add component (AddParameter): Name = "Manufacturer"; Value = "Nexperia"; VariantName = "[No Variations]"
Add component (AddParameter): Name = "Part Number"; Value = "BC817-40,215"; VariantName = "[No Variations]"
Add component (AddParameter): Name = "Type"; Value = "Transistor"; VariantName = "[No Variations]"
Added Component: Designator=Q1_2(SOT-89)
Add component (AddParameter): Name = "ComponentLink1Description"; Value = "DataSheet"; VariantName = "[No Variations]"
Add component (AddParameter): Name = "ComponentLink1URL"; Value = "https://static.chipdip.ru/lib/156/DOC000156781.pdf"; VariantName = "[No Variations]"
Add component (AddParameter): Name = "ComponentLink2Description"; Value = "Chip&Dip"; VariantName = "[No Variations]"
Add component (AddParameter): Name = "ComponentLink2URL"; Value = "https://www.chipdip.ru/product/bc817-40"; VariantName = "[No Variations]"
Add component (AddParameter): Name = "Manufacturer"; Value = "Nexperia"; VariantName = "[No Variations]"
Add component (AddParameter): Name = "Part Number"; Value = "BC817-40,215"; VariantName = "[No Variations]"
Add component (AddParameter): Name = "Type"; Value = "Transistor"; VariantName = "[No Variations]"
Added Component: Designator=Q1_3(SOT-89)
Add component (AddParameter): Name = "ComponentLink1Description"; Value = "DataSheet"; VariantName = "[No Variations]"
Add component (AddParameter): Name = "ComponentLink1URL"; Value = "https://static.chipdip.ru/lib/156/DOC000156781.pdf"; VariantName = "[No Variations]"
Add component (AddParameter): Name = "ComponentLink2Description"; Value = "Chip&Dip"; VariantName = "[No Variations]"
Add component (AddParameter): Name = "ComponentLink2URL"; Value = "https://www.chipdip.ru/product/bc817-40"; VariantName = "[No Variations]"
Add component (AddParameter): Name = "Manufacturer"; Value = "Nexperia"; VariantName = "[No Variations]"
Add component (AddParameter): Name = "Part Number"; Value = "BC817-40,215"; VariantName = "[No Variations]"
Add component (AddParameter): Name = "Type"; Value = "Transistor"; VariantName = "[No Variations]"
Added Component: Designator=Q1_4(SOT-89)
Add component (AddParameter): Name = "ComponentLink1Description"; Value = "DataSheet"; VariantName = "[No Variations]"
Add component (AddParameter): Name = "ComponentLink1URL"; Value = "https://static.chipdip.ru/lib/156/DOC000156781.pdf"; VariantName = "[No Variations]"
Add component (AddParameter): Name = "ComponentLink2Description"; Value = "Chip&Dip"; VariantName = "[No Variations]"
Add component (AddParameter): Name = "ComponentLink2URL"; Value = "https://www.chipdip.ru/product/bc817-40"; VariantName = "[No Variations]"
Add component (AddParameter): Name = "Manufacturer"; Value = "Nexperia"; VariantName = "[No Variations]"
Add component (AddParameter): Name = "Part Number"; Value = "BC817-40,215"; VariantName = "[No Variations]"
Add component (AddParameter): Name = "Type"; Value = "Transistor"; VariantName = "[No Variations]"
Added Component: Designator=Q1_5(SOT-89)
Add component (AddParameter): Name = "ComponentLink1Description"; Value = "DataSheet"; VariantName = "[No Variations]"
Add component (AddParameter): Name = "ComponentLink1URL"; Value = "https://static.chipdip.ru/lib/156/DOC000156781.pdf"; VariantName = "[No Variations]"
Add component (AddParameter): Name = "ComponentLink2Description"; Value = "Chip&Dip"; VariantName = "[No Variations]"
Add component (AddParameter): Name = "ComponentLink2URL"; Value = "https://www.chipdip.ru/product/bc817-40"; VariantName = "[No Variations]"
Add component (AddParameter): Name = "Manufacturer"; Value = "Nexperia"; VariantName = "[No Variations]"
Add component (AddParameter): Name = "Part Number"; Value = "BC817-40,215"; VariantName = "[No Variations]"
Add component (AddParameter): Name = "Type"; Value = "Transistor"; VariantName = "[No Variations]"
Added Component: Designator=Q2_1(SOT-89)
Add component (AddParameter): Name = "ComponentLink1Description"; Value = "DataSheet"; VariantName = "[No Variations]"
Add component (AddParameter): Name = "ComponentLink1URL"; Value = "https://static.chipdip.ru/lib/078/DOC001078227.pdf"; VariantName = "[No Variations]"
Add component (AddParameter): Name = "ComponentLink2Description"; Value = "Chip&Dip"; VariantName = "[No Variations]"
Add component (AddParameter): Name = "ComponentLink2URL"; Value = "https://www.chipdip.ru/product/bc807.215"; VariantName = "[No Variations]"
Add component (AddParameter): Name = "Manufacturer"; Value = "Nexperia"; VariantName = "[No Variations]"
Add component (AddParameter): Name = "Part Number"; Value = "BC807,215"; VariantName = "[No Variations]"
Add component (AddParameter): Name = "Type"; Value = "Transistor"; VariantName = "[No Variations]"
Added Component: Designator=Q2_2(SOT-89)
Add component (AddParameter): Name = "ComponentLink1Description"; Value = "DataSheet"; VariantName = "[No Variations]"
Add component (AddParameter): Name = "ComponentLink1URL"; Value = "https://static.chipdip.ru/lib/078/DOC001078227.pdf"; VariantName = "[No Variations]"
Add component (AddParameter): Name = "ComponentLink2Description"; Value = "Chip&Dip"; VariantName = "[No Variations]"
Add component (AddParameter): Name = "ComponentLink2URL"; Value = "https://www.chipdip.ru/product/bc807.215"; VariantName = "[No Variations]"
Add component (AddParameter): Name = "Manufacturer"; Value = "Nexperia"; VariantName = "[No Variations]"
Add component (AddParameter): Name = "Part Number"; Value = "BC807,215"; VariantName = "[No Variations]"
Add component (AddParameter): Name = "Type"; Value = "Transistor"; VariantName = "[No Variations]"
Added Component: Designator=Q2_3(SOT-89)
Add component (AddParameter): Name = "ComponentLink1Description"; Value = "DataSheet"; VariantName = "[No Variations]"
Add component (AddParameter): Name = "ComponentLink1URL"; Value = "https://static.chipdip.ru/lib/078/DOC001078227.pdf"; VariantName = "[No Variations]"
Add component (AddParameter): Name = "ComponentLink2Description"; Value = "Chip&Dip"; VariantName = "[No Variations]"
Add component (AddParameter): Name = "ComponentLink2URL"; Value = "https://www.chipdip.ru/product/bc807.215"; VariantName = "[No Variations]"
Add component (AddParameter): Name = "Manufacturer"; Value = "Nexperia"; VariantName = "[No Variations]"
Add component (AddParameter): Name = "Part Number"; Value = "BC807,215"; VariantName = "[No Variations]"
Add component (AddParameter): Name = "Type"; Value = "Transistor"; VariantName = "[No Variations]"
Added Component: Designator=Q2_4(SOT-89)
Add component (AddParameter): Name = "ComponentLink1Description"; Value = "DataSheet"; VariantName = "[No Variations]"
Add component (AddParameter): Name = "ComponentLink1URL"; Value = "https://static.chipdip.ru/lib/078/DOC001078227.pdf"; VariantName = "[No Variations]"
Add component (AddParameter): Name = "ComponentLink2Description"; Value = "Chip&Dip"; VariantName = "[No Variations]"
Add component (AddParameter): Name = "ComponentLink2URL"; Value = "https://www.chipdip.ru/product/bc807.215"; VariantName = "[No Variations]"
Add component (AddParameter): Name = "Manufacturer"; Value = "Nexperia"; VariantName = "[No Variations]"
Add component (AddParameter): Name = "Part Number"; Value = "BC807,215"; VariantName = "[No Variations]"
Add component (AddParameter): Name = "Type"; Value = "Transistor"; VariantName = "[No Variations]"
Added Component: Designator=Q2_5(SOT-89)
Add component (AddParameter): Name = "ComponentLink1Description"; Value = "DataSheet"; VariantName = "[No Variations]"
Add component (AddParameter): Name = "ComponentLink1URL"; Value = "https://static.chipdip.ru/lib/078/DOC001078227.pdf"; VariantName = "[No Variations]"
Add component (AddParameter): Name = "ComponentLink2Description"; Value = "Chip&Dip"; VariantName = "[No Variations]"
Add component (AddParameter): Name = "ComponentLink2URL"; Value = "https://www.chipdip.ru/product/bc807.215"; VariantName = "[No Variations]"
Add component (AddParameter): Name = "Manufacturer"; Value = "Nexperia"; VariantName = "[No Variations]"
Add component (AddParameter): Name = "Part Number"; Value = "BC807,215"; VariantName = "[No Variations]"
Add component (AddParameter): Name = "Type"; Value = "Transistor"; VariantName = "[No Variations]"
Added Component: Designator=Q3_1(SOT-89)
Add component (AddParameter): Name = "ComponentLink1Description"; Value = "DataSheet"; VariantName = "[No Variations]"
Add component (AddParameter): Name = "ComponentLink1URL"; Value = "https://static.chipdip.ru/lib/156/DOC000156781.pdf"; VariantName = "[No Variations]"
Add component (AddParameter): Name = "ComponentLink2Description"; Value = "Chip&Dip"; VariantName = "[No Variations]"
Add component (AddParameter): Name = "ComponentLink2URL"; Value = "https://www.chipdip.ru/product/bc817-40"; VariantName = "[No Variations]"
Add component (AddParameter): Name = "Manufacturer"; Value = "Nexperia"; VariantName = "[No Variations]"
Add component (AddParameter): Name = "Part Number"; Value = "BC817-40,215"; VariantName = "[No Variations]"
Add component (AddParameter): Name = "Type"; Value = "Transistor"; VariantName = "[No Variations]"
Added Component: Designator=Q3_2(SOT-89)
Add component (AddParameter): Name = "ComponentLink1Description"; Value = "DataSheet"; VariantName = "[No Variations]"
Add component (AddParameter): Name = "ComponentLink1URL"; Value = "https://static.chipdip.ru/lib/156/DOC000156781.pdf"; VariantName = "[No Variations]"
Add component (AddParameter): Name = "ComponentLink2Description"; Value = "Chip&Dip"; VariantName = "[No Variations]"
Add component (AddParameter): Name = "ComponentLink2URL"; Value = "https://www.chipdip.ru/product/bc817-40"; VariantName = "[No Variations]"
Add component (AddParameter): Name = "Manufacturer"; Value = "Nexperia"; VariantName = "[No Variations]"
Add component (AddParameter): Name = "Part Number"; Value = "BC817-40,215"; VariantName = "[No Variations]"
Add component (AddParameter): Name = "Type"; Value = "Transistor"; VariantName = "[No Variations]"
Added Component: Designator=Q3_3(SOT-89)
Add component (AddParameter): Name = "ComponentLink1Description"; Value = "DataSheet"; VariantName = "[No Variations]"
Add component (AddParameter): Name = "ComponentLink1URL"; Value = "https://static.chipdip.ru/lib/156/DOC000156781.pdf"; VariantName = "[No Variations]"
Add component (AddParameter): Name = "ComponentLink2Description"; Value = "Chip&Dip"; VariantName = "[No Variations]"
Add component (AddParameter): Name = "ComponentLink2URL"; Value = "https://www.chipdip.ru/product/bc817-40"; VariantName = "[No Variations]"
Add component (AddParameter): Name = "Manufacturer"; Value = "Nexperia"; VariantName = "[No Variations]"
Add component (AddParameter): Name = "Part Number"; Value = "BC817-40,215"; VariantName = "[No Variations]"
Add component (AddParameter): Name = "Type"; Value = "Transistor"; VariantName = "[No Variations]"
Added Component: Designator=Q3_4(SOT-89)
Add component (AddParameter): Name = "ComponentLink1Description"; Value = "DataSheet"; VariantName = "[No Variations]"
Add component (AddParameter): Name = "ComponentLink1URL"; Value = "https://static.chipdip.ru/lib/156/DOC000156781.pdf"; VariantName = "[No Variations]"
Add component (AddParameter): Name = "ComponentLink2Description"; Value = "Chip&Dip"; VariantName = "[No Variations]"
Add component (AddParameter): Name = "ComponentLink2URL"; Value = "https://www.chipdip.ru/product/bc817-40"; VariantName = "[No Variations]"
Add component (AddParameter): Name = "Manufacturer"; Value = "Nexperia"; VariantName = "[No Variations]"
Add component (AddParameter): Name = "Part Number"; Value = "BC817-40,215"; VariantName = "[No Variations]"
Add component (AddParameter): Name = "Type"; Value = "Transistor"; VariantName = "[No Variations]"
Added Component: Designator=Q3_5(SOT-89)
Add component (AddParameter): Name = "ComponentLink1Description"; Value = "DataSheet"; VariantName = "[No Variations]"
Add component (AddParameter): Name = "ComponentLink1URL"; Value = "https://static.chipdip.ru/lib/156/DOC000156781.pdf"; VariantName = "[No Variations]"
Add component (AddParameter): Name = "ComponentLink2Description"; Value = "Chip&Dip"; VariantName = "[No Variations]"
Add component (AddParameter): Name = "ComponentLink2URL"; Value = "https://www.chipdip.ru/product/bc817-40"; VariantName = "[No Variations]"
Add component (AddParameter): Name = "Manufacturer"; Value = "Nexperia"; VariantName = "[No Variations]"
Add component (AddParameter): Name = "Part Number"; Value = "BC817-40,215"; VariantName = "[No Variations]"
Add component (AddParameter): Name = "Type"; Value = "Transistor"; VariantName = "[No Variations]"
Added Component: Designator=Q4_1(SOT-89)
Add component (AddParameter): Name = "ComponentLink1Description"; Value = "DataSheet"; VariantName = "[No Variations]"
Add component (AddParameter): Name = "ComponentLink1URL"; Value = "https://static.chipdip.ru/lib/078/DOC001078227.pdf"; VariantName = "[No Variations]"
Add component (AddParameter): Name = "ComponentLink2Description"; Value = "Chip&Dip"; VariantName = "[No Variations]"
Add component (AddParameter): Name = "ComponentLink2URL"; Value = "https://www.chipdip.ru/product/bc807.215"; VariantName = "[No Variations]"
Add component (AddParameter): Name = "Manufacturer"; Value = "Nexperia"; VariantName = "[No Variations]"
Add component (AddParameter): Name = "Part Number"; Value = "BC807,215"; VariantName = "[No Variations]"
Add component (AddParameter): Name = "Type"; Value = "Transistor"; VariantName = "[No Variations]"
Added Component: Designator=Q4_2(SOT-89)
Add component (AddParameter): Name = "ComponentLink1Description"; Value = "DataSheet"; VariantName = "[No Variations]"
Add component (AddParameter): Name = "ComponentLink1URL"; Value = "https://static.chipdip.ru/lib/078/DOC001078227.pdf"; VariantName = "[No Variations]"
Add component (AddParameter): Name = "ComponentLink2Description"; Value = "Chip&Dip"; VariantName = "[No Variations]"
Add component (AddParameter): Name = "ComponentLink2URL"; Value = "https://www.chipdip.ru/product/bc807.215"; VariantName = "[No Variations]"
Add component (AddParameter): Name = "Manufacturer"; Value = "Nexperia"; VariantName = "[No Variations]"
Add component (AddParameter): Name = "Part Number"; Value = "BC807,215"; VariantName = "[No Variations]"
Add component (AddParameter): Name = "Type"; Value = "Transistor"; VariantName = "[No Variations]"
Added Component: Designator=Q4_3(SOT-89)
Add component (AddParameter): Name = "ComponentLink1Description"; Value = "DataSheet"; VariantName = "[No Variations]"
Add component (AddParameter): Name = "ComponentLink1URL"; Value = "https://static.chipdip.ru/lib/078/DOC001078227.pdf"; VariantName = "[No Variations]"
Add component (AddParameter): Name = "ComponentLink2Description"; Value = "Chip&Dip"; VariantName = "[No Variations]"
Add component (AddParameter): Name = "ComponentLink2URL"; Value = "https://www.chipdip.ru/product/bc807.215"; VariantName = "[No Variations]"
Add component (AddParameter): Name = "Manufacturer"; Value = "Nexperia"; VariantName = "[No Variations]"
Add component (AddParameter): Name = "Part Number"; Value = "BC807,215"; VariantName = "[No Variations]"
Add component (AddParameter): Name = "Type"; Value = "Transistor"; VariantName = "[No Variations]"
Added Component: Designator=Q4_4(SOT-89)
Add component (AddParameter): Name = "ComponentLink1Description"; Value = "DataSheet"; VariantName = "[No Variations]"
Add component (AddParameter): Name = "ComponentLink1URL"; Value = "https://static.chipdip.ru/lib/078/DOC001078227.pdf"; VariantName = "[No Variations]"
Add component (AddParameter): Name = "ComponentLink2Description"; Value = "Chip&Dip"; VariantName = "[No Variations]"
Add component (AddParameter): Name = "ComponentLink2URL"; Value = "https://www.chipdip.ru/product/bc807.215"; VariantName = "[No Variations]"
Add component (AddParameter): Name = "Manufacturer"; Value = "Nexperia"; VariantName = "[No Variations]"
Add component (AddParameter): Name = "Part Number"; Value = "BC807,215"; VariantName = "[No Variations]"
Add component (AddParameter): Name = "Type"; Value = "Transistor"; VariantName = "[No Variations]"
Added Component: Designator=Q4_5(SOT-89)
Add component (AddParameter): Name = "ComponentLink1Description"; Value = "DataSheet"; VariantName = "[No Variations]"
Add component (AddParameter): Name = "ComponentLink1URL"; Value = "https://static.chipdip.ru/lib/078/DOC001078227.pdf"; VariantName = "[No Variations]"
Add component (AddParameter): Name = "ComponentLink2Description"; Value = "Chip&Dip"; VariantName = "[No Variations]"
Add component (AddParameter): Name = "ComponentLink2URL"; Value = "https://www.chipdip.ru/product/bc807.215"; VariantName = "[No Variations]"
Add component (AddParameter): Name = "Manufacturer"; Value = "Nexperia"; VariantName = "[No Variations]"
Add component (AddParameter): Name = "Part Number"; Value = "BC807,215"; VariantName = "[No Variations]"
Add component (AddParameter): Name = "Type"; Value = "Transistor"; VariantName = "[No Variations]"
Added Component: Designator=R1_1(0805 Resistor)
Add component (AddParameter): Name = "ComponentLink1Description"; Value = "Chip&Dip"; VariantName = "[No Variations]"
Add component (AddParameter): Name = "ComponentLink1URL"; Value = "https://www.chipdip.ru/product0/9000079514"; VariantName = "[No Variations]"
Add component (AddParameter): Name = "Manufacturer"; Value = "Taiwan"; VariantName = "[No Variations]"
Add component (AddParameter): Name = "Part Number"; Value = "RC0805FR-0710KL"; VariantName = "[No Variations]"
Add component (AddParameter): Name = "Type"; Value = "Resistor"; VariantName = "[No Variations]"
Added Component: Designator=R1_2(0805 Resistor)
Add component (AddParameter): Name = "ComponentLink1Description"; Value = "Chip&Dip"; VariantName = "[No Variations]"
Add component (AddParameter): Name = "ComponentLink1URL"; Value = "https://www.chipdip.ru/product0/9000079514"; VariantName = "[No Variations]"
Add component (AddParameter): Name = "Manufacturer"; Value = "Taiwan"; VariantName = "[No Variations]"
Add component (AddParameter): Name = "Part Number"; Value = "RC0805FR-0710KL"; VariantName = "[No Variations]"
Add component (AddParameter): Name = "Type"; Value = "Resistor"; VariantName = "[No Variations]"
Added Component: Designator=R1_3(0805 Resistor)
Add component (AddParameter): Name = "ComponentLink1Description"; Value = "Chip&Dip"; VariantName = "[No Variations]"
Add component (AddParameter): Name = "ComponentLink1URL"; Value = "https://www.chipdip.ru/product0/9000079514"; VariantName = "[No Variations]"
Add component (AddParameter): Name = "Manufacturer"; Value = "Taiwan"; VariantName = "[No Variations]"
Add component (AddParameter): Name = "Part Number"; Value = "RC0805FR-0710KL"; VariantName = "[No Variations]"
Add component (AddParameter): Name = "Type"; Value = "Resistor"; VariantName = "[No Variations]"
Added Component: Designator=R1_4(0805 Resistor)
Add component (AddParameter): Name = "ComponentLink1Description"; Value = "Chip&Dip"; VariantName = "[No Variations]"
Add component (AddParameter): Name = "ComponentLink1URL"; Value = "https://www.chipdip.ru/product0/9000079514"; VariantName = "[No Variations]"
Add component (AddParameter): Name = "Manufacturer"; Value = "Taiwan"; VariantName = "[No Variations]"
Add component (AddParameter): Name = "Part Number"; Value = "RC0805FR-0710KL"; VariantName = "[No Variations]"
Add component (AddParameter): Name = "Type"; Value = "Resistor"; VariantName = "[No Variations]"
Added Component: Designator=R1_5(0805 Resistor)
Add component (AddParameter): Name = "ComponentLink1Description"; Value = "Chip&Dip"; VariantName = "[No Variations]"
Add component (AddParameter): Name = "ComponentLink1URL"; Value = "https://www.chipdip.ru/product0/9000079514"; VariantName = "[No Variations]"
Add component (AddParameter): Name = "Manufacturer"; Value = "Taiwan"; VariantName = "[No Variations]"
Add component (AddParameter): Name = "Part Number"; Value = "RC0805FR-0710KL"; VariantName = "[No Variations]"
Add component (AddParameter): Name = "Type"; Value = "Resistor"; VariantName = "[No Variations]"
Added Component: Designator=R2_1(0805 Resistor)
Add component (AddParameter): Name = "ComponentLink1Description"; Value = "Chip&Dip"; VariantName = "[No Variations]"
Add component (AddParameter): Name = "ComponentLink1URL"; Value = "https://www.chipdip.ru/product0/9000079514"; VariantName = "[No Variations]"
Add component (AddParameter): Name = "Manufacturer"; Value = "Taiwan"; VariantName = "[No Variations]"
Add component (AddParameter): Name = "Part Number"; Value = "RC0805FR-0710KL"; VariantName = "[No Variations]"
Add component (AddParameter): Name = "Type"; Value = "Resistor"; VariantName = "[No Variations]"
Added Component: Designator=R2_2(0805 Resistor)
Add component (AddParameter): Name = "ComponentLink1Description"; Value = "Chip&Dip"; VariantName = "[No Variations]"
Add component (AddParameter): Name = "ComponentLink1URL"; Value = "https://www.chipdip.ru/product0/9000079514"; VariantName = "[No Variations]"
Add component (AddParameter): Name = "Manufacturer"; Value = "Taiwan"; VariantName = "[No Variations]"
Add component (AddParameter): Name = "Part Number"; Value = "RC0805FR-0710KL"; VariantName = "[No Variations]"
Add component (AddParameter): Name = "Type"; Value = "Resistor"; VariantName = "[No Variations]"
Added Component: Designator=R2_3(0805 Resistor)
Add component (AddParameter): Name = "ComponentLink1Description"; Value = "Chip&Dip"; VariantName = "[No Variations]"
Add component (AddParameter): Name = "ComponentLink1URL"; Value = "https://www.chipdip.ru/product0/9000079514"; VariantName = "[No Variations]"
Add component (AddParameter): Name = "Manufacturer"; Value = "Taiwan"; VariantName = "[No Variations]"
Add component (AddParameter): Name = "Part Number"; Value = "RC0805FR-0710KL"; VariantName = "[No Variations]"
Add component (AddParameter): Name = "Type"; Value = "Resistor"; VariantName = "[No Variations]"
Added Component: Designator=R2_4(0805 Resistor)
Add component (AddParameter): Name = "ComponentLink1Description"; Value = "Chip&Dip"; VariantName = "[No Variations]"
Add component (AddParameter): Name = "ComponentLink1URL"; Value = "https://www.chipdip.ru/product0/9000079514"; VariantName = "[No Variations]"
Add component (AddParameter): Name = "Manufacturer"; Value = "Taiwan"; VariantName = "[No Variations]"
Add component (AddParameter): Name = "Part Number"; Value = "RC0805FR-0710KL"; VariantName = "[No Variations]"
Add component (AddParameter): Name = "Type"; Value = "Resistor"; VariantName = "[No Variations]"
Added Component: Designator=R2_5(0805 Resistor)
Add component (AddParameter): Name = "ComponentLink1Description"; Value = "Chip&Dip"; VariantName = "[No Variations]"
Add component (AddParameter): Name = "ComponentLink1URL"; Value = "https://www.chipdip.ru/product0/9000079514"; VariantName = "[No Variations]"
Add component (AddParameter): Name = "Manufacturer"; Value = "Taiwan"; VariantName = "[No Variations]"
Add component (AddParameter): Name = "Part Number"; Value = "RC0805FR-0710KL"; VariantName = "[No Variations]"
Add component (AddParameter): Name = "Type"; Value = "Resistor"; VariantName = "[No Variations]"
Added Component: Designator=R3_1(0805 Resistor)
Add component (AddParameter): Name = "ComponentLink1Description"; Value = "Chip&Dip"; VariantName = "[No Variations]"
Add component (AddParameter): Name = "ComponentLink1URL"; Value = "https://www.chipdip.ru/product0/9000079514"; VariantName = "[No Variations]"
Add component (AddParameter): Name = "Manufacturer"; Value = "Taiwan"; VariantName = "[No Variations]"
Add component (AddParameter): Name = "Part Number"; Value = "RC0805FR-0710KL"; VariantName = "[No Variations]"
Add component (AddParameter): Name = "Type"; Value = "Resistor"; VariantName = "[No Variations]"
Added Component: Designator=R3_2(0805 Resistor)
Add component (AddParameter): Name = "ComponentLink1Description"; Value = "Chip&Dip"; VariantName = "[No Variations]"
Add component (AddParameter): Name = "ComponentLink1URL"; Value = "https://www.chipdip.ru/product0/9000079514"; VariantName = "[No Variations]"
Add component (AddParameter): Name = "Manufacturer"; Value = "Taiwan"; VariantName = "[No Variations]"
Add component (AddParameter): Name = "Part Number"; Value = "RC0805FR-0710KL"; VariantName = "[No Variations]"
Add component (AddParameter): Name = "Type"; Value = "Resistor"; VariantName = "[No Variations]"
Added Component: Designator=R3_3(0805 Resistor)
Add component (AddParameter): Name = "ComponentLink1Description"; Value = "Chip&Dip"; VariantName = "[No Variations]"
Add component (AddParameter): Name = "ComponentLink1URL"; Value = "https://www.chipdip.ru/product0/9000079514"; VariantName = "[No Variations]"
Add component (AddParameter): Name = "Manufacturer"; Value = "Taiwan"; VariantName = "[No Variations]"
Add component (AddParameter): Name = "Part Number"; Value = "RC0805FR-0710KL"; VariantName = "[No Variations]"
Add component (AddParameter): Name = "Type"; Value = "Resistor"; VariantName = "[No Variations]"
Added Component: Designator=R3_4(0805 Resistor)
Add component (AddParameter): Name = "ComponentLink1Description"; Value = "Chip&Dip"; VariantName = "[No Variations]"
Add component (AddParameter): Name = "ComponentLink1URL"; Value = "https://www.chipdip.ru/product0/9000079514"; VariantName = "[No Variations]"
Add component (AddParameter): Name = "Manufacturer"; Value = "Taiwan"; VariantName = "[No Variations]"
Add component (AddParameter): Name = "Part Number"; Value = "RC0805FR-0710KL"; VariantName = "[No Variations]"
Add component (AddParameter): Name = "Type"; Value = "Resistor"; VariantName = "[No Variations]"
Added Component: Designator=R3_5(0805 Resistor)
Add component (AddParameter): Name = "ComponentLink1Description"; Value = "Chip&Dip"; VariantName = "[No Variations]"
Add component (AddParameter): Name = "ComponentLink1URL"; Value = "https://www.chipdip.ru/product0/9000079514"; VariantName = "[No Variations]"
Add component (AddParameter): Name = "Manufacturer"; Value = "Taiwan"; VariantName = "[No Variations]"
Add component (AddParameter): Name = "Part Number"; Value = "RC0805FR-0710KL"; VariantName = "[No Variations]"
Add component (AddParameter): Name = "Type"; Value = "Resistor"; VariantName = "[No Variations]"
Added Component: Designator=R4_1(2512 Resistor)
Add component (AddParameter): Name = "ComponentLink1Description"; Value = "Chip&Dip"; VariantName = "[No Variations]"
Add component (AddParameter): Name = "ComponentLink1URL"; Value = "https://www.chipdip.ru/product0/9000190086"; VariantName = "[No Variations]"
Add component (AddParameter): Name = "Manufacturer"; Value = "Taiwan"; VariantName = "[No Variations]"
Add component (AddParameter): Name = "Part Number"; Value = "RC2512FR-0762RL"; VariantName = "[No Variations]"
Add component (AddParameter): Name = "Type"; Value = "Resistor"; VariantName = "[No Variations]"
Added Component: Designator=R4_2(2512 Resistor)
Add component (AddParameter): Name = "ComponentLink1Description"; Value = "Chip&Dip"; VariantName = "[No Variations]"
Add component (AddParameter): Name = "ComponentLink1URL"; Value = "https://www.chipdip.ru/product0/9000190086"; VariantName = "[No Variations]"
Add component (AddParameter): Name = "Manufacturer"; Value = "Taiwan"; VariantName = "[No Variations]"
Add component (AddParameter): Name = "Part Number"; Value = "RC2512FR-0762RL"; VariantName = "[No Variations]"
Add component (AddParameter): Name = "Type"; Value = "Resistor"; VariantName = "[No Variations]"
Added Component: Designator=R4_3(2512 Resistor)
Add component (AddParameter): Name = "ComponentLink1Description"; Value = "Chip&Dip"; VariantName = "[No Variations]"
Add component (AddParameter): Name = "ComponentLink1URL"; Value = "https://www.chipdip.ru/product0/9000190086"; VariantName = "[No Variations]"
Add component (AddParameter): Name = "Manufacturer"; Value = "Taiwan"; VariantName = "[No Variations]"
Add component (AddParameter): Name = "Part Number"; Value = "RC2512FR-0762RL"; VariantName = "[No Variations]"
Add component (AddParameter): Name = "Type"; Value = "Resistor"; VariantName = "[No Variations]"
Added Component: Designator=R4_4(2512 Resistor)
Add component (AddParameter): Name = "ComponentLink1Description"; Value = "Chip&Dip"; VariantName = "[No Variations]"
Add component (AddParameter): Name = "ComponentLink1URL"; Value = "https://www.chipdip.ru/product0/9000190086"; VariantName = "[No Variations]"
Add component (AddParameter): Name = "Manufacturer"; Value = "Taiwan"; VariantName = "[No Variations]"
Add component (AddParameter): Name = "Part Number"; Value = "RC2512FR-0762RL"; VariantName = "[No Variations]"
Add component (AddParameter): Name = "Type"; Value = "Resistor"; VariantName = "[No Variations]"
Added Component: Designator=R4_5(2512 Resistor)
Add component (AddParameter): Name = "ComponentLink1Description"; Value = "Chip&Dip"; VariantName = "[No Variations]"
Add component (AddParameter): Name = "ComponentLink1URL"; Value = "https://www.chipdip.ru/product0/9000190086"; VariantName = "[No Variations]"
Add component (AddParameter): Name = "Manufacturer"; Value = "Taiwan"; VariantName = "[No Variations]"
Add component (AddParameter): Name = "Part Number"; Value = "RC2512FR-0762RL"; VariantName = "[No Variations]"
Add component (AddParameter): Name = "Type"; Value = "Resistor"; VariantName = "[No Variations]"
Added Component: Designator=R5_1(2512 Resistor)
Add component (AddParameter): Name = "ComponentLink1Description"; Value = "Chip&Dip"; VariantName = "[No Variations]"
Add component (AddParameter): Name = "ComponentLink1URL"; Value = "https://www.chipdip.ru/product0/9000190086"; VariantName = "[No Variations]"
Add component (AddParameter): Name = "Manufacturer"; Value = "Taiwan"; VariantName = "[No Variations]"
Add component (AddParameter): Name = "Part Number"; Value = "RC2512FR-0762RL"; VariantName = "[No Variations]"
Add component (AddParameter): Name = "Type"; Value = "Resistor"; VariantName = "[No Variations]"
Added Component: Designator=R5_2(2512 Resistor)
Add component (AddParameter): Name = "ComponentLink1Description"; Value = "Chip&Dip"; VariantName = "[No Variations]"
Add component (AddParameter): Name = "ComponentLink1URL"; Value = "https://www.chipdip.ru/product0/9000190086"; VariantName = "[No Variations]"
Add component (AddParameter): Name = "Manufacturer"; Value = "Taiwan"; VariantName = "[No Variations]"
Add component (AddParameter): Name = "Part Number"; Value = "RC2512FR-0762RL"; VariantName = "[No Variations]"
Add component (AddParameter): Name = "Type"; Value = "Resistor"; VariantName = "[No Variations]"
Added Component: Designator=R5_3(2512 Resistor)
Add component (AddParameter): Name = "ComponentLink1Description"; Value = "Chip&Dip"; VariantName = "[No Variations]"
Add component (AddParameter): Name = "ComponentLink1URL"; Value = "https://www.chipdip.ru/product0/9000190086"; VariantName = "[No Variations]"
Add component (AddParameter): Name = "Manufacturer"; Value = "Taiwan"; VariantName = "[No Variations]"
Add component (AddParameter): Name = "Part Number"; Value = "RC2512FR-0762RL"; VariantName = "[No Variations]"
Add component (AddParameter): Name = "Type"; Value = "Resistor"; VariantName = "[No Variations]"
Added Component: Designator=R5_4(2512 Resistor)
Add component (AddParameter): Name = "ComponentLink1Description"; Value = "Chip&Dip"; VariantName = "[No Variations]"
Add component (AddParameter): Name = "ComponentLink1URL"; Value = "https://www.chipdip.ru/product0/9000190086"; VariantName = "[No Variations]"
Add component (AddParameter): Name = "Manufacturer"; Value = "Taiwan"; VariantName = "[No Variations]"
Add component (AddParameter): Name = "Part Number"; Value = "RC2512FR-0762RL"; VariantName = "[No Variations]"
Add component (AddParameter): Name = "Type"; Value = "Resistor"; VariantName = "[No Variations]"
Added Component: Designator=R5_5(2512 Resistor)
Add component (AddParameter): Name = "ComponentLink1Description"; Value = "Chip&Dip"; VariantName = "[No Variations]"
Add component (AddParameter): Name = "ComponentLink1URL"; Value = "https://www.chipdip.ru/product0/9000190086"; VariantName = "[No Variations]"
Add component (AddParameter): Name = "Manufacturer"; Value = "Taiwan"; VariantName = "[No Variations]"
Add component (AddParameter): Name = "Part Number"; Value = "RC2512FR-0762RL"; VariantName = "[No Variations]"
Add component (AddParameter): Name = "Type"; Value = "Resistor"; VariantName = "[No Variations]"
Added Component: Designator=R6_1(2512 Resistor)
Add component (AddParameter): Name = "ComponentLink1Description"; Value = "Chip&Dip"; VariantName = "[No Variations]"
Add component (AddParameter): Name = "ComponentLink1URL"; Value = "https://www.chipdip.ru/product0/9000190086"; VariantName = "[No Variations]"
Add component (AddParameter): Name = "Manufacturer"; Value = "Taiwan"; VariantName = "[No Variations]"
Add component (AddParameter): Name = "Part Number"; Value = "RC2512FR-0762RL"; VariantName = "[No Variations]"
Add component (AddParameter): Name = "Type"; Value = "Resistor"; VariantName = "[No Variations]"
Added Component: Designator=R6_2(2512 Resistor)
Add component (AddParameter): Name = "ComponentLink1Description"; Value = "Chip&Dip"; VariantName = "[No Variations]"
Add component (AddParameter): Name = "ComponentLink1URL"; Value = "https://www.chipdip.ru/product0/9000190086"; VariantName = "[No Variations]"
Add component (AddParameter): Name = "Manufacturer"; Value = "Taiwan"; VariantName = "[No Variations]"
Add component (AddParameter): Name = "Part Number"; Value = "RC2512FR-0762RL"; VariantName = "[No Variations]"
Add component (AddParameter): Name = "Type"; Value = "Resistor"; VariantName = "[No Variations]"
Added Component: Designator=R6_3(2512 Resistor)
Add component (AddParameter): Name = "ComponentLink1Description"; Value = "Chip&Dip"; VariantName = "[No Variations]"
Add component (AddParameter): Name = "ComponentLink1URL"; Value = "https://www.chipdip.ru/product0/9000190086"; VariantName = "[No Variations]"
Add component (AddParameter): Name = "Manufacturer"; Value = "Taiwan"; VariantName = "[No Variations]"
Add component (AddParameter): Name = "Part Number"; Value = "RC2512FR-0762RL"; VariantName = "[No Variations]"
Add component (AddParameter): Name = "Type"; Value = "Resistor"; VariantName = "[No Variations]"
Added Component: Designator=R6_4(2512 Resistor)
Add component (AddParameter): Name = "ComponentLink1Description"; Value = "Chip&Dip"; VariantName = "[No Variations]"
Add component (AddParameter): Name = "ComponentLink1URL"; Value = "https://www.chipdip.ru/product0/9000190086"; VariantName = "[No Variations]"
Add component (AddParameter): Name = "Manufacturer"; Value = "Taiwan"; VariantName = "[No Variations]"
Add component (AddParameter): Name = "Part Number"; Value = "RC2512FR-0762RL"; VariantName = "[No Variations]"
Add component (AddParameter): Name = "Type"; Value = "Resistor"; VariantName = "[No Variations]"
Added Component: Designator=R6_5(2512 Resistor)
Add component (AddParameter): Name = "ComponentLink1Description"; Value = "Chip&Dip"; VariantName = "[No Variations]"
Add component (AddParameter): Name = "ComponentLink1URL"; Value = "https://www.chipdip.ru/product0/9000190086"; VariantName = "[No Variations]"
Add component (AddParameter): Name = "Manufacturer"; Value = "Taiwan"; VariantName = "[No Variations]"
Add component (AddParameter): Name = "Part Number"; Value = "RC2512FR-0762RL"; VariantName = "[No Variations]"
Add component (AddParameter): Name = "Type"; Value = "Resistor"; VariantName = "[No Variations]"
Added Component: Designator=R7_1(2512 Resistor)
Add component (AddParameter): Name = "ComponentLink1Description"; Value = "Chip&Dip"; VariantName = "[No Variations]"
Add component (AddParameter): Name = "ComponentLink1URL"; Value = "https://www.chipdip.ru/product0/9000190086"; VariantName = "[No Variations]"
Add component (AddParameter): Name = "Manufacturer"; Value = "Taiwan"; VariantName = "[No Variations]"
Add component (AddParameter): Name = "Part Number"; Value = "RC2512FR-0762RL"; VariantName = "[No Variations]"
Add component (AddParameter): Name = "Type"; Value = "Resistor"; VariantName = "[No Variations]"
Added Component: Designator=R7_2(2512 Resistor)
Add component (AddParameter): Name = "ComponentLink1Description"; Value = "Chip&Dip"; VariantName = "[No Variations]"
Add component (AddParameter): Name = "ComponentLink1URL"; Value = "https://www.chipdip.ru/product0/9000190086"; VariantName = "[No Variations]"
Add component (AddParameter): Name = "Manufacturer"; Value = "Taiwan"; VariantName = "[No Variations]"
Add component (AddParameter): Name = "Part Number"; Value = "RC2512FR-0762RL"; VariantName = "[No Variations]"
Add component (AddParameter): Name = "Type"; Value = "Resistor"; VariantName = "[No Variations]"
Added Component: Designator=R7_3(2512 Resistor)
Add component (AddParameter): Name = "ComponentLink1Description"; Value = "Chip&Dip"; VariantName = "[No Variations]"
Add component (AddParameter): Name = "ComponentLink1URL"; Value = "https://www.chipdip.ru/product0/9000190086"; VariantName = "[No Variations]"
Add component (AddParameter): Name = "Manufacturer"; Value = "Taiwan"; VariantName = "[No Variations]"
Add component (AddParameter): Name = "Part Number"; Value = "RC2512FR-0762RL"; VariantName = "[No Variations]"
Add component (AddParameter): Name = "Type"; Value = "Resistor"; VariantName = "[No Variations]"
Added Component: Designator=R7_4(2512 Resistor)
Add component (AddParameter): Name = "ComponentLink1Description"; Value = "Chip&Dip"; VariantName = "[No Variations]"
Add component (AddParameter): Name = "ComponentLink1URL"; Value = "https://www.chipdip.ru/product0/9000190086"; VariantName = "[No Variations]"
Add component (AddParameter): Name = "Manufacturer"; Value = "Taiwan"; VariantName = "[No Variations]"
Add component (AddParameter): Name = "Part Number"; Value = "RC2512FR-0762RL"; VariantName = "[No Variations]"
Add component (AddParameter): Name = "Type"; Value = "Resistor"; VariantName = "[No Variations]"
Added Component: Designator=R7_5(2512 Resistor)
Add component (AddParameter): Name = "ComponentLink1Description"; Value = "Chip&Dip"; VariantName = "[No Variations]"
Add component (AddParameter): Name = "ComponentLink1URL"; Value = "https://www.chipdip.ru/product0/9000190086"; VariantName = "[No Variations]"
Add component (AddParameter): Name = "Manufacturer"; Value = "Taiwan"; VariantName = "[No Variations]"
Add component (AddParameter): Name = "Part Number"; Value = "RC2512FR-0762RL"; VariantName = "[No Variations]"
Add component (AddParameter): Name = "Type"; Value = "Resistor"; VariantName = "[No Variations]"
Added Component: Designator=U1_1(SOIC-8)
Add component (AddParameter): Name = "ComponentLink1Description"; Value = "DataSheet"; VariantName = "[No Variations]"
Add component (AddParameter): Name = "ComponentLink1URL"; Value = "https://static.chipdip.ru/lib/321/DOC000321492.pdf"; VariantName = "[No Variations]"
Add component (AddParameter): Name = "ComponentLink2Description"; Value = "Chip&Dip"; VariantName = "[No Variations]"
Add component (AddParameter): Name = "ComponentLink2URL"; Value = "https://www.chipdip.ru/product/lmv358idr-pbf"; VariantName = "[No Variations]"
Add component (AddParameter): Name = "Manufacturer"; Value = "Texas Instruments"; VariantName = "[No Variations]"
Add component (AddParameter): Name = "Part Number"; Value = "LMV358IDR"; VariantName = "[No Variations]"
Add component (AddParameter): Name = "Type"; Value = "IC"; VariantName = "[No Variations]"
Added Component: Designator=U1_2(SOIC-8)
Add component (AddParameter): Name = "ComponentLink1Description"; Value = "DataSheet"; VariantName = "[No Variations]"
Add component (AddParameter): Name = "ComponentLink1URL"; Value = "https://static.chipdip.ru/lib/321/DOC000321492.pdf"; VariantName = "[No Variations]"
Add component (AddParameter): Name = "ComponentLink2Description"; Value = "Chip&Dip"; VariantName = "[No Variations]"
Add component (AddParameter): Name = "ComponentLink2URL"; Value = "https://www.chipdip.ru/product/lmv358idr-pbf"; VariantName = "[No Variations]"
Add component (AddParameter): Name = "Manufacturer"; Value = "Texas Instruments"; VariantName = "[No Variations]"
Add component (AddParameter): Name = "Part Number"; Value = "LMV358IDR"; VariantName = "[No Variations]"
Add component (AddParameter): Name = "Type"; Value = "IC"; VariantName = "[No Variations]"
Added Component: Designator=U1_3(SOIC-8)
Add component (AddParameter): Name = "ComponentLink1Description"; Value = "DataSheet"; VariantName = "[No Variations]"
Add component (AddParameter): Name = "ComponentLink1URL"; Value = "https://static.chipdip.ru/lib/321/DOC000321492.pdf"; VariantName = "[No Variations]"
Add component (AddParameter): Name = "ComponentLink2Description"; Value = "Chip&Dip"; VariantName = "[No Variations]"
Add component (AddParameter): Name = "ComponentLink2URL"; Value = "https://www.chipdip.ru/product/lmv358idr-pbf"; VariantName = "[No Variations]"
Add component (AddParameter): Name = "Manufacturer"; Value = "Texas Instruments"; VariantName = "[No Variations]"
Add component (AddParameter): Name = "Part Number"; Value = "LMV358IDR"; VariantName = "[No Variations]"
Add component (AddParameter): Name = "Type"; Value = "IC"; VariantName = "[No Variations]"
Added Component: Designator=U1_4(SOIC-8)
Add component (AddParameter): Name = "ComponentLink1Description"; Value = "DataSheet"; VariantName = "[No Variations]"
Add component (AddParameter): Name = "ComponentLink1URL"; Value = "https://static.chipdip.ru/lib/321/DOC000321492.pdf"; VariantName = "[No Variations]"
Add component (AddParameter): Name = "ComponentLink2Description"; Value = "Chip&Dip"; VariantName = "[No Variations]"
Add component (AddParameter): Name = "ComponentLink2URL"; Value = "https://www.chipdip.ru/product/lmv358idr-pbf"; VariantName = "[No Variations]"
Add component (AddParameter): Name = "Manufacturer"; Value = "Texas Instruments"; VariantName = "[No Variations]"
Add component (AddParameter): Name = "Part Number"; Value = "LMV358IDR"; VariantName = "[No Variations]"
Add component (AddParameter): Name = "Type"; Value = "IC"; VariantName = "[No Variations]"
Added Component: Designator=U1_5(SOIC-8)
Add component (AddParameter): Name = "ComponentLink1Description"; Value = "DataSheet"; VariantName = "[No Variations]"
Add component (AddParameter): Name = "ComponentLink1URL"; Value = "https://static.chipdip.ru/lib/321/DOC000321492.pdf"; VariantName = "[No Variations]"
Add component (AddParameter): Name = "ComponentLink2Description"; Value = "Chip&Dip"; VariantName = "[No Variations]"
Add component (AddParameter): Name = "ComponentLink2URL"; Value = "https://www.chipdip.ru/product/lmv358idr-pbf"; VariantName = "[No Variations]"
Add component (AddParameter): Name = "Manufacturer"; Value = "Texas Instruments"; VariantName = "[No Variations]"
Add component (AddParameter): Name = "Part Number"; Value = "LMV358IDR"; VariantName = "[No Variations]"
Add component (AddParameter): Name = "Type"; Value = "IC"; VariantName = "[No Variations]"
Added Pin To Net: NetName=B3 Pin=Q1_1-3
Added Pin To Net: NetName=B5 Pin=Q1_2-3
Added Pin To Net: NetName=B7 Pin=Q1_3-3
Added Pin To Net: NetName=B9 Pin=Q1_4-3
Added Pin To Net: NetName=B+ Pin=Q1_5-3
Added Pin To Net: NetName=B- Pin=Q2_1-3
Added Pin To Net: NetName=B2 Pin=Q2_2-3
Added Pin To Net: NetName=B4 Pin=Q2_3-3
Added Pin To Net: NetName=B6 Pin=Q2_4-3
Added Pin To Net: NetName=B8 Pin=Q2_5-3
Added Pin To Net: NetName=B3 Pin=Q3_1-3
Added Pin To Net: NetName=B5 Pin=Q3_2-3
Added Pin To Net: NetName=B7 Pin=Q3_3-3
Added Pin To Net: NetName=B9 Pin=Q3_4-3
Added Pin To Net: NetName=B+ Pin=Q3_5-3
Added Pin To Net: NetName=B- Pin=Q4_1-3
Added Pin To Net: NetName=B2 Pin=Q4_2-3
Added Pin To Net: NetName=B4 Pin=Q4_3-3
Added Pin To Net: NetName=B6 Pin=Q4_4-3
Added Pin To Net: NetName=B8 Pin=Q4_5-3
Added Pin To Net: NetName=B3 Pin=R1_1-2
Added Pin To Net: NetName=B5 Pin=R1_2-2
Added Pin To Net: NetName=B7 Pin=R1_3-2
Added Pin To Net: NetName=B9 Pin=R1_4-2
Added Pin To Net: NetName=B+ Pin=R1_5-2
Added Pin To Net: NetName=B- Pin=R3_1-1
Added Pin To Net: NetName=B2 Pin=R3_2-1
Added Pin To Net: NetName=B4 Pin=R3_3-1
Added Pin To Net: NetName=B6 Pin=R3_4-1
Added Pin To Net: NetName=B8 Pin=R3_5-1
Added Pin To Net: NetName=B1 Pin=R4_1-2
Added Pin To Net: NetName=B3 Pin=R4_2-2
Added Pin To Net: NetName=B5 Pin=R4_3-2
Added Pin To Net: NetName=B7 Pin=R4_4-2
Added Pin To Net: NetName=B9 Pin=R4_5-2
Added Pin To Net: NetName=B1 Pin=R5_1-2
Added Pin To Net: NetName=B3 Pin=R5_2-2
Added Pin To Net: NetName=B5 Pin=R5_3-2
Added Pin To Net: NetName=B7 Pin=R5_4-2
Added Pin To Net: NetName=B9 Pin=R5_5-2
Added Pin To Net: NetName=B2 Pin=R6_1-2
Added Pin To Net: NetName=B4 Pin=R6_2-2
Added Pin To Net: NetName=B6 Pin=R6_3-2
Added Pin To Net: NetName=B8 Pin=R6_4-2
Added Pin To Net: NetName=B10 Pin=R6_5-2
Added Pin To Net: NetName=B2 Pin=R7_1-2
Added Pin To Net: NetName=B4 Pin=R7_2-2
Added Pin To Net: NetName=B6 Pin=R7_3-2
Added Pin To Net: NetName=B8 Pin=R7_4-2
Added Pin To Net: NetName=B10 Pin=R7_5-2
Added Pin To Net: NetName=B1 Pin=U1_1-2
Added Pin To Net: NetName=B- Pin=U1_1-4
Added Pin To Net: NetName=B2 Pin=U1_1-6
Added Pin To Net: NetName=B3 Pin=U1_1-8
Added Pin To Net: NetName=B3 Pin=U1_2-2
Added Pin To Net: NetName=B2 Pin=U1_2-4
Added Pin To Net: NetName=B4 Pin=U1_2-6
Added Pin To Net: NetName=B5 Pin=U1_2-8
Added Pin To Net: NetName=B5 Pin=U1_3-2
Added Pin To Net: NetName=B4 Pin=U1_3-4
Added Pin To Net: NetName=B6 Pin=U1_3-6
Added Pin To Net: NetName=B7 Pin=U1_3-8
Added Pin To Net: NetName=B7 Pin=U1_4-2
Added Pin To Net: NetName=B6 Pin=U1_4-4
Added Pin To Net: NetName=B8 Pin=U1_4-6
Added Pin To Net: NetName=B9 Pin=U1_4-8
Added Pin To Net: NetName=B9 Pin=U1_5-2
Added Pin To Net: NetName=B8 Pin=U1_5-4
Added Pin To Net: NetName=B10 Pin=U1_5-6
Added Pin To Net: NetName=B+ Pin=U1_5-8
Added Pin To Net: NetName=1IN+_1 Pin=R2_1-1
Added Pin To Net: NetName=1IN+_1 Pin=R3_1-2
Added Pin To Net: NetName=1IN+_1 Pin=U1_1-3
Added Net: Name=1IN+_1
Added Pin To Net: NetName=1IN+_2 Pin=R2_2-1
Added Pin To Net: NetName=1IN+_2 Pin=R3_2-2
Added Pin To Net: NetName=1IN+_2 Pin=U1_2-3
Added Net: Name=1IN+_2
Added Pin To Net: NetName=1IN+_3 Pin=R2_3-1
Added Pin To Net: NetName=1IN+_3 Pin=R3_3-2
Added Pin To Net: NetName=1IN+_3 Pin=U1_3-3
Added Net: Name=1IN+_3
Added Pin To Net: NetName=1IN+_4 Pin=R2_4-1
Added Pin To Net: NetName=1IN+_4 Pin=R3_4-2
Added Pin To Net: NetName=1IN+_4 Pin=U1_4-3
Added Net: Name=1IN+_4
Added Pin To Net: NetName=1IN+_5 Pin=R2_5-1
Added Pin To Net: NetName=1IN+_5 Pin=R3_5-2
Added Pin To Net: NetName=1IN+_5 Pin=U1_5-3
Added Net: Name=1IN+_5
Added Pin To Net: NetName=1OUT_1 Pin=Q1_1-1
Added Pin To Net: NetName=1OUT_1 Pin=Q2_1-1
Added Pin To Net: NetName=1OUT_1 Pin=U1_1-1
Added Net: Name=1OUT_1
Added Pin To Net: NetName=1OUT_2 Pin=Q1_2-1
Added Pin To Net: NetName=1OUT_2 Pin=Q2_2-1
Added Pin To Net: NetName=1OUT_2 Pin=U1_2-1
Added Net: Name=1OUT_2
Added Pin To Net: NetName=1OUT_3 Pin=Q1_3-1
Added Pin To Net: NetName=1OUT_3 Pin=Q2_3-1
Added Pin To Net: NetName=1OUT_3 Pin=U1_3-1
Added Net: Name=1OUT_3
Added Pin To Net: NetName=1OUT_4 Pin=Q1_4-1
Added Pin To Net: NetName=1OUT_4 Pin=Q2_4-1
Added Pin To Net: NetName=1OUT_4 Pin=U1_4-1
Added Net: Name=1OUT_4
Added Pin To Net: NetName=1OUT_5 Pin=Q1_5-1
Added Pin To Net: NetName=1OUT_5 Pin=Q2_5-1
Added Pin To Net: NetName=1OUT_5 Pin=U1_5-1
Added Net: Name=1OUT_5
Added Pin To Net: NetName=2IN+_1 Pin=R1_1-1
Added Pin To Net: NetName=2IN+_1 Pin=R2_1-2
Added Pin To Net: NetName=2IN+_1 Pin=U1_1-5
Added Net: Name=2IN+_1
Added Pin To Net: NetName=2IN+_2 Pin=R1_2-1
Added Pin To Net: NetName=2IN+_2 Pin=R2_2-2
Added Pin To Net: NetName=2IN+_2 Pin=U1_2-5
Added Net: Name=2IN+_2
Added Pin To Net: NetName=2IN+_3 Pin=R1_3-1
Added Pin To Net: NetName=2IN+_3 Pin=R2_3-2
Added Pin To Net: NetName=2IN+_3 Pin=U1_3-5
Added Net: Name=2IN+_3
Added Pin To Net: NetName=2IN+_4 Pin=R1_4-1
Added Pin To Net: NetName=2IN+_4 Pin=R2_4-2
Added Pin To Net: NetName=2IN+_4 Pin=U1_4-5
Added Net: Name=2IN+_4
Added Pin To Net: NetName=2IN+_5 Pin=R1_5-1
Added Pin To Net: NetName=2IN+_5 Pin=R2_5-2
Added Pin To Net: NetName=2IN+_5 Pin=U1_5-5
Added Net: Name=2IN+_5
Added Pin To Net: NetName=2OUT_1 Pin=Q3_1-1
Added Pin To Net: NetName=2OUT_1 Pin=Q4_1-1
Added Pin To Net: NetName=2OUT_1 Pin=U1_1-7
Added Net: Name=2OUT_1
Added Pin To Net: NetName=2OUT_2 Pin=Q3_2-1
Added Pin To Net: NetName=2OUT_2 Pin=Q4_2-1
Added Pin To Net: NetName=2OUT_2 Pin=U1_2-7
Added Net: Name=2OUT_2
Added Pin To Net: NetName=2OUT_3 Pin=Q3_3-1
Added Pin To Net: NetName=2OUT_3 Pin=Q4_3-1
Added Pin To Net: NetName=2OUT_3 Pin=U1_3-7
Added Net: Name=2OUT_3
Added Pin To Net: NetName=2OUT_4 Pin=Q3_4-1
Added Pin To Net: NetName=2OUT_4 Pin=Q4_4-1
Added Pin To Net: NetName=2OUT_4 Pin=U1_4-7
Added Net: Name=2OUT_4
Added Pin To Net: NetName=2OUT_5 Pin=Q3_5-1
Added Pin To Net: NetName=2OUT_5 Pin=Q4_5-1
Added Pin To Net: NetName=2OUT_5 Pin=U1_5-7
Added Net: Name=2OUT_5
Added Pin To Net: NetName=NetQ1_1_2 Pin=Q1_1-2
Added Pin To Net: NetName=NetQ1_1_2 Pin=Q2_1-2
Added Pin To Net: NetName=NetQ1_1_2 Pin=R4_1-1
Added Pin To Net: NetName=NetQ1_1_2 Pin=R5_1-1
Added Net: Name=NetQ1_1_2
Added Pin To Net: NetName=NetQ1_2_2 Pin=Q1_2-2
Added Pin To Net: NetName=NetQ1_2_2 Pin=Q2_2-2
Added Pin To Net: NetName=NetQ1_2_2 Pin=R4_2-1
Added Pin To Net: NetName=NetQ1_2_2 Pin=R5_2-1
Added Net: Name=NetQ1_2_2
Added Pin To Net: NetName=NetQ1_3_2 Pin=Q1_3-2
Added Pin To Net: NetName=NetQ1_3_2 Pin=Q2_3-2
Added Pin To Net: NetName=NetQ1_3_2 Pin=R4_3-1
Added Pin To Net: NetName=NetQ1_3_2 Pin=R5_3-1
Added Net: Name=NetQ1_3_2
Added Pin To Net: NetName=NetQ1_4_2 Pin=Q1_4-2
Added Pin To Net: NetName=NetQ1_4_2 Pin=Q2_4-2
Added Pin To Net: NetName=NetQ1_4_2 Pin=R4_4-1
Added Pin To Net: NetName=NetQ1_4_2 Pin=R5_4-1
Added Net: Name=NetQ1_4_2
Added Pin To Net: NetName=NetQ1_5_2 Pin=Q1_5-2
Added Pin To Net: NetName=NetQ1_5_2 Pin=Q2_5-2
Added Pin To Net: NetName=NetQ1_5_2 Pin=R4_5-1
Added Pin To Net: NetName=NetQ1_5_2 Pin=R5_5-1
Added Net: Name=NetQ1_5_2
Added Pin To Net: NetName=NetQ3_1_2 Pin=Q3_1-2
Added Pin To Net: NetName=NetQ3_1_2 Pin=Q4_1-2
Added Pin To Net: NetName=NetQ3_1_2 Pin=R6_1-1
Added Pin To Net: NetName=NetQ3_1_2 Pin=R7_1-1
Added Net: Name=NetQ3_1_2
Added Pin To Net: NetName=NetQ3_2_2 Pin=Q3_2-2
Added Pin To Net: NetName=NetQ3_2_2 Pin=Q4_2-2
Added Pin To Net: NetName=NetQ3_2_2 Pin=R6_2-1
Added Pin To Net: NetName=NetQ3_2_2 Pin=R7_2-1
Added Net: Name=NetQ3_2_2
Added Pin To Net: NetName=NetQ3_3_2 Pin=Q3_3-2
Added Pin To Net: NetName=NetQ3_3_2 Pin=Q4_3-2
Added Pin To Net: NetName=NetQ3_3_2 Pin=R6_3-1
Added Pin To Net: NetName=NetQ3_3_2 Pin=R7_3-1
Added Net: Name=NetQ3_3_2
Added Pin To Net: NetName=NetQ3_4_2 Pin=Q3_4-2
Added Pin To Net: NetName=NetQ3_4_2 Pin=Q4_4-2
Added Pin To Net: NetName=NetQ3_4_2 Pin=R6_4-1
Added Pin To Net: NetName=NetQ3_4_2 Pin=R7_4-1
Added Net: Name=NetQ3_4_2
Added Pin To Net: NetName=NetQ3_5_2 Pin=Q3_5-2
Added Pin To Net: NetName=NetQ3_5_2 Pin=Q4_5-2
Added Pin To Net: NetName=NetQ3_5_2 Pin=R6_5-1
Added Pin To Net: NetName=NetQ3_5_2 Pin=R7_5-1
Added Net: Name=NetQ3_5_2
Added Member To Class: ClassName=bal1 Member=Component Q1_1 (Q1) BCX54-16
Added Member To Class: ClassName=bal2 Member=Component Q1_2 (Q1) BCX54-16
Added Member To Class: ClassName=bal3 Member=Component Q1_3 (Q1) BCX54-16
Added Member To Class: ClassName=bal4 Member=Component Q1_4 (Q1) BCX54-16
Added Member To Class: ClassName=bal5 Member=Component Q1_5 (Q1) BCX54-16
Added Member To Class: ClassName=bal1 Member=Component Q2_1 (Q2) BCX51-16
Added Member To Class: ClassName=bal2 Member=Component Q2_2 (Q2) BCX51-16
Added Member To Class: ClassName=bal3 Member=Component Q2_3 (Q2) BCX51-16
Added Member To Class: ClassName=bal4 Member=Component Q2_4 (Q2) BCX51-16
Added Member To Class: ClassName=bal5 Member=Component Q2_5 (Q2) BCX51-16
Added Member To Class: ClassName=bal1 Member=Component Q3_1 (Q3) BCX54-16
Added Member To Class: ClassName=bal2 Member=Component Q3_2 (Q3) BCX54-16
Added Member To Class: ClassName=bal3 Member=Component Q3_3 (Q3) BCX54-16
Added Member To Class: ClassName=bal4 Member=Component Q3_4 (Q3) BCX54-16
Added Member To Class: ClassName=bal5 Member=Component Q3_5 (Q3) BCX54-16
Added Member To Class: ClassName=bal1 Member=Component Q4_1 (Q4) BCX51-16
Added Member To Class: ClassName=bal2 Member=Component Q4_2 (Q4) BCX51-16
Added Member To Class: ClassName=bal3 Member=Component Q4_3 (Q4) BCX51-16
Added Member To Class: ClassName=bal4 Member=Component Q4_4 (Q4) BCX51-16
Added Member To Class: ClassName=bal5 Member=Component Q4_5 (Q4) BCX51-16
Added Member To Class: ClassName=bal1 Member=Component R1_1 (R1) 10k
Added Member To Class: ClassName=bal2 Member=Component R1_2 (R1) 10k
Added Member To Class: ClassName=bal3 Member=Component R1_3 (R1) 10k
Added Member To Class: ClassName=bal4 Member=Component R1_4 (R1) 10k
Added Member To Class: ClassName=bal5 Member=Component R1_5 (R1) 10k
Added Member To Class: ClassName=bal1 Member=Component R2_1 (R2) 10k
Added Member To Class: ClassName=bal2 Member=Component R2_2 (R2) 10k
Added Member To Class: ClassName=bal3 Member=Component R2_3 (R2) 10k
Added Member To Class: ClassName=bal4 Member=Component R2_4 (R2) 10k
Added Member To Class: ClassName=bal5 Member=Component R2_5 (R2) 10k
Added Member To Class: ClassName=bal1 Member=Component R3_1 (R3) 10k
Added Member To Class: ClassName=bal2 Member=Component R3_2 (R3) 10k
Added Member To Class: ClassName=bal3 Member=Component R3_3 (R3) 10k
Added Member To Class: ClassName=bal4 Member=Component R3_4 (R3) 10k
Added Member To Class: ClassName=bal5 Member=Component R3_5 (R3) 10k
Added Member To Class: ClassName=bal1 Member=Component R4_1 (R4) 62R
Added Member To Class: ClassName=bal2 Member=Component R4_2 (R4) 62R
Added Member To Class: ClassName=bal3 Member=Component R4_3 (R4) 62R
Added Member To Class: ClassName=bal4 Member=Component R4_4 (R4) 62R
Added Member To Class: ClassName=bal5 Member=Component R4_5 (R4) 62R
Added Member To Class: ClassName=bal1 Member=Component R5_1 (R5) 62R
Added Member To Class: ClassName=bal2 Member=Component R5_2 (R5) 62R
Added Member To Class: ClassName=bal3 Member=Component R5_3 (R5) 62R
Added Member To Class: ClassName=bal4 Member=Component R5_4 (R5) 62R
Added Member To Class: ClassName=bal5 Member=Component R5_5 (R5) 62R
Added Member To Class: ClassName=bal1 Member=Component R6_1 (R6) 62R
Added Member To Class: ClassName=bal2 Member=Component R6_2 (R6) 62R
Added Member To Class: ClassName=bal3 Member=Component R6_3 (R6) 62R
Added Member To Class: ClassName=bal4 Member=Component R6_4 (R6) 62R
Added Member To Class: ClassName=bal5 Member=Component R6_5 (R6) 62R
Added Member To Class: ClassName=bal1 Member=Component R7_1 (R7) 62R
Added Member To Class: ClassName=bal2 Member=Component R7_2 (R7) 62R
Added Member To Class: ClassName=bal3 Member=Component R7_3 (R7) 62R
Added Member To Class: ClassName=bal4 Member=Component R7_4 (R7) 62R
Added Member To Class: ClassName=bal5 Member=Component R7_5 (R7) 62R
Added Member To Class: ClassName=bal1 Member=Component U1_1 (U1) OpAmp
Added Member To Class: ClassName=bal2 Member=Component U1_2 (U1) OpAmp
Added Member To Class: ClassName=bal3 Member=Component U1_3 (U1) OpAmp
Added Member To Class: ClassName=bal4 Member=Component U1_4 (U1) OpAmp
Added Member To Class: ClassName=bal5 Member=Component U1_5 (U1) OpAmp
