Remove Pin=D4-1 From Net=P-
Remove Pin=D5-1 From Net=P-
Remove Pin=J1-1 From Net=B1
Remove Pin=J1-2 From Net=B2
Remove Pin=J1-3 From Net=B3
Remove Pin=J1-4 From Net=B4
Remove Pin=J1-5 From Net=B5
Remove Pin=J1-6 From Net=B6
Remove Pin=J1-7 From Net=B7
Remove Pin=J1-8 From Net=B8
Remove Pin=J1-9 From Net=B9
Remove Pin=J1-10 From Net=B10
Remove Pin=P1-1 From Net=P-
Remove Pin=P1-2 From Net=1IN-
Remove Pin=P2-1 From Net=P-
Remove Pin=P2-2 From Net=2IN+
Remove Pin=Q5-1 From Net=OUT1
Remove Pin=Q6-1 From Net=OUT2
Remove Pin=Q6-2 From Net=P+
Remove Pin=Q6-3 From Net=Out
Remove Pin=R8-2 From Net=P4
Remove Pin=R9-2 From Net=P4
Remove Pin=R10-2 From Net=P+
Remove Pin=R11-2 From Net=P4
Remove Pin=R12-2 From Net=P4
Remove Pin=R13-2 From Net=P+
Remove Pin=U2-2 From Net=1IN-
Remove Pin=U2-3 From Net=1IN+
Remove Pin=U2-4 From Net=P-
Remove Pin=U2-5 From Net=2IN+
Remove Pin=U2-6 From Net=2IN-
Remove Pin=U2-8 From Net=P4
